# JRE version: OpenJDK Runtime Environment (11.0.13) (build 11.0.13+0-b1751.21-8125866)
# Java VM: OpenJDK 64-Bit Server VM (11.0.13+0-b1751.21-8125866, mixed mode, tiered, compressed oops, g1 gc, bsd-amd64)
Heap:
 garbage-first heap   total 262144K, used 116124K [0x0000000780000000, 0x0000000800000000)
  region size 1024K, 79 young (80896K), 17 survivors (17408K)
 Metaspace       used 57872K, capacity 59439K, committed 59600K, reserved 1101824K
  class space    used 7307K, capacity 7865K, committed 7936K, reserved 1048576K
GC Heap History (14 events):
Event: 1.036 GC heap before
{Heap before GC invocations=0 (full 0):
 garbage-first heap   total 262144K, used 16384K [0x0000000780000000, 0x0000000800000000)
  region size 1024K, 14 young (14336K), 0 survivors (0K)
 Metaspace       used 6638K, capacity 6841K, committed 7040K, reserved 1056768K
  class space    used 562K, capacity 618K, committed 640K, reserved 1048576K
}
Event: 1.051 GC heap after
{Heap after GC invocations=1 (full 0):
 garbage-first heap   total 262144K, used 4409K [0x0000000780000000, 0x0000000800000000)
  region size 1024K, 2 young (2048K), 2 survivors (2048K)
 Metaspace       used 6638K, capacity 6841K, committed 7040K, reserved 1056768K
  class space    used 562K, capacity 618K, committed 640K, reserved 1048576K
}
Event: 4.268 GC heap before
{Heap before GC invocations=1 (full 0):
 garbage-first heap   total 262144K, used 115001K [0x0000000780000000, 0x0000000800000000)
  region size 1024K, 106 young (108544K), 2 survivors (2048K)
 Metaspace       used 20493K, capacity 20884K, committed 21120K, reserved 1067008K
  class space    used 2493K, capacity 2641K, committed 2688K, reserved 1048576K
}
Event: 4.283 GC heap after
{Heap after GC invocations=2 (full 0):
 garbage-first heap   total 262144K, used 16982K [0x0000000780000000, 0x0000000800000000)
  region size 1024K, 12 young (12288K), 12 survivors (12288K)
 Metaspace       used 20493K, capacity 20884K, committed 21120K, reserved 1067008K
  class space    used 2493K, capacity 2641K, committed 2688K, reserved 1048576K
}
Event: 4.310 GC heap before
{Heap before GC invocations=2 (full 0):
 garbage-first heap   total 262144K, used 16982K [0x0000000780000000, 0x0000000800000000)
  region size 1024K, 13 young (13312K), 12 survivors (12288K)
 Metaspace       used 20655K, capacity 21120K, committed 21296K, reserved 1069056K
  class space    used 2510K, capacity 2681K, committed 2688K, reserved 1048576K
}
Event: 4.325 GC heap after
{Heap after GC invocations=3 (full 0):
 garbage-first heap   total 262144K, used 18151K [0x0000000780000000, 0x0000000800000000)
  region size 1024K, 1 young (1024K), 1 survivors (1024K)
 Metaspace       used 20655K, capacity 21120K, committed 21296K, reserved 1069056K
  class space    used 2510K, capacity 2681K, committed 2688K, reserved 1048576K
}
Event: 5.413 GC heap before
{Heap before GC invocations=4 (full 0):
 garbage-first heap   total 262144K, used 76519K [0x0000000780000000, 0x0000000800000000)
  region size 1024K, 58 young (59392K), 1 survivors (1024K)
 Metaspace       used 26568K, capacity 27209K, committed 27520K, reserved 1073152K
  class space    used 3438K, capacity 3695K, committed 3712K, reserved 1048576K
}
Event: 5.420 GC heap after
{Heap after GC invocations=5 (full 0):
 garbage-first heap   total 262144K, used 19421K [0x0000000780000000, 0x0000000800000000)
  region size 1024K, 3 young (3072K), 3 survivors (3072K)
 Metaspace       used 26568K, capacity 27209K, committed 27520K, reserved 1073152K
  class space    used 3438K, capacity 3695K, committed 3712K, reserved 1048576K
}
Event: 6.734 GC heap before
{Heap before GC invocations=5 (full 0):
 garbage-first heap   total 262144K, used 80861K [0x0000000780000000, 0x0000000800000000)
  region size 1024K, 64 young (65536K), 3 survivors (3072K)
 Metaspace       used 35121K, capacity 35871K, committed 36048K, reserved 1081344K
  class space    used 4505K, capacity 4797K, committed 4864K, reserved 1048576K
}
Event: 6.748 GC heap after
{Heap after GC invocations=6 (full 0):
 garbage-first heap   total 262144K, used 22972K [0x0000000780000000, 0x0000000800000000)
  region size 1024K, 6 young (6144K), 6 survivors (6144K)
 Metaspace       used 35121K, capacity 35871K, committed 36048K, reserved 1081344K
  class space    used 4505K, capacity 4797K, committed 4864K, reserved 1048576K
}
Event: 9.015 GC heap before
{Heap before GC invocations=7 (full 0):
 garbage-first heap   total 262144K, used 136636K [0x0000000780000000, 0x0000000800000000)
  region size 1024K, 114 young (116736K), 6 survivors (6144K)
 Metaspace       used 44148K, capacity 45276K, committed 45648K, reserved 1089536K
  class space    used 5562K, capacity 5915K, committed 6016K, reserved 1048576K
}
Event: 9.037 GC heap after
{Heap after GC invocations=8 (full 0):
 garbage-first heap   total 262144K, used 29950K [0x0000000780000000, 0x0000000800000000)
  region size 1024K, 13 young (13312K), 13 survivors (13312K)
 Metaspace       used 44148K, capacity 45276K, committed 45648K, reserved 1089536K
  class space    used 5562K, capacity 5915K, committed 6016K, reserved 1048576K
}
Event: 11.322 GC heap before
{Heap before GC invocations=8 (full 0):
 garbage-first heap   total 262144K, used 158974K [0x0000000780000000, 0x0000000800000000)
  region size 1024K, 129 young (132096K), 13 survivors (13312K)
 Metaspace       used 50114K, capacity 51549K, committed 51664K, reserved 1093632K
  class space    used 6312K, capacity 6817K, committed 6912K, reserved 1048576K
}
Event: 11.361 GC heap after
{Heap after GC invocations=9 (full 0):
 garbage-first heap   total 262144K, used 53660K [0x0000000780000000, 0x0000000800000000)
  region size 1024K, 17 young (17408K), 17 survivors (17408K)
 Metaspace       used 50114K, capacity 51549K, committed 51664K, reserved 1093632K
  class space    used 6312K, capacity 6817K, committed 6912K, reserved 1048576K
}

