# JRE version: OpenJDK Runtime Environment (11.0.13) (build 11.0.13+0-b1751.21-8125866)
# Java VM: OpenJDK 64-Bit Server VM (11.0.13+0-b1751.21-8125866, mixed mode, tiered, compressed oops, g1 gc, bsd-amd64)
Heap:
 garbage-first heap   total 409600K, used 147456K [0x0000000700000000, 0x0000000800000000)
  region size 1024K, 12 young (12288K), 3 survivors (3072K)
 Metaspace       used 74101K, capacity 75014K, committed 75904K, reserved 1116160K
  class space    used 7942K, capacity 8319K, committed 8396K, reserved 1048576K
GC Heap History (20 events):
Event: 4.231 GC heap before
{Heap before GC invocations=5 (full 0):
 garbage-first heap   total 262144K, used 35553K [0x0000000700000000, 0x0000000800000000)
  region size 1024K, 11 young (11264K), 2 survivors (2048K)
 Metaspace       used 34819K, capacity 35282K, committed 35840K, reserved 1081344K
  class space    used 4270K, capacity 4477K, committed 4480K, reserved 1048576K
}
Event: 4.234 GC heap after
{Heap after GC invocations=6 (full 0):
 garbage-first heap   total 262144K, used 27191K [0x0000000700000000, 0x0000000800000000)
  region size 1024K, 2 young (2048K), 2 survivors (2048K)
 Metaspace       used 34819K, capacity 35282K, committed 35840K, reserved 1081344K
  class space    used 4270K, capacity 4477K, committed 4480K, reserved 1048576K
}
Event: 5.215 GC heap before
{Heap before GC invocations=7 (full 0):
 garbage-first heap   total 262144K, used 74295K [0x0000000700000000, 0x0000000800000000)
  region size 1024K, 48 young (49152K), 2 survivors (2048K)
 Metaspace       used 43575K, capacity 44099K, committed 45132K, reserved 1089536K
  class space    used 5110K, capacity 5323K, committed 5452K, reserved 1048576K
}
Event: 5.227 GC heap after
{Heap after GC invocations=8 (full 0):
 garbage-first heap   total 262144K, used 29955K [0x0000000700000000, 0x0000000800000000)
  region size 1024K, 6 young (6144K), 6 survivors (6144K)
 Metaspace       used 43575K, capacity 44099K, committed 45132K, reserved 1089536K
  class space    used 5110K, capacity 5323K, committed 5452K, reserved 1048576K
}
Event: 7.476 GC heap before
{Heap before GC invocations=9 (full 0):
 garbage-first heap   total 262144K, used 94467K [0x0000000700000000, 0x0000000800000000)
  region size 1024K, 67 young (68608K), 6 survivors (6144K)
 Metaspace       used 50892K, capacity 51543K, committed 52556K, reserved 1095680K
  class space    used 5863K, capacity 6105K, committed 6220K, reserved 1048576K
}
Event: 7.507 GC heap after
{Heap after GC invocations=10 (full 0):
 garbage-first heap   total 315392K, used 45919K [0x0000000700000000, 0x0000000800000000)
  region size 1024K, 9 young (9216K), 9 survivors (9216K)
 Metaspace       used 50892K, capacity 51543K, committed 52556K, reserved 1095680K
  class space    used 5863K, capacity 6105K, committed 6220K, reserved 1048576K
}
Event: 9.508 GC heap before
{Heap before GC invocations=10 (full 0):
 garbage-first heap   total 315392K, used 119647K [0x0000000700000000, 0x0000000800000000)
  region size 1024K, 78 young (79872K), 9 survivors (9216K)
 Metaspace       used 54988K, capacity 55728K, committed 56780K, reserved 1099776K
  class space    used 6209K, capacity 6504K, committed 6604K, reserved 1048576K
}
Event: 9.543 GC heap after
{Heap after GC invocations=11 (full 0):
 garbage-first heap   total 315392K, used 59392K [0x0000000700000000, 0x0000000800000000)
  region size 1024K, 10 young (10240K), 10 survivors (10240K)
 Metaspace       used 54988K, capacity 55728K, committed 56780K, reserved 1099776K
  class space    used 6209K, capacity 6504K, committed 6604K, reserved 1048576K
}
Event: 12.486 GC heap before
{Heap before GC invocations=11 (full 0):
 garbage-first heap   total 315392K, used 128000K [0x0000000700000000, 0x0000000800000000)
  region size 1024K, 77 young (78848K), 10 survivors (10240K)
 Metaspace       used 60602K, capacity 61345K, committed 62156K, reserved 1103872K
  class space    used 6752K, capacity 7067K, committed 7116K, reserved 1048576K
}
Event: 12.531 GC heap after
{Heap after GC invocations=12 (full 0):
 garbage-first heap   total 315392K, used 73598K [0x0000000700000000, 0x0000000800000000)
  region size 1024K, 10 young (10240K), 10 survivors (10240K)
 Metaspace       used 60602K, capacity 61345K, committed 62156K, reserved 1103872K
  class space    used 6752K, capacity 7067K, committed 7116K, reserved 1048576K
}
Event: 15.204 GC heap before
{Heap before GC invocations=12 (full 0):
 garbage-first heap   total 315392K, used 158590K [0x0000000700000000, 0x0000000800000000)
  region size 1024K, 93 young (95232K), 10 survivors (10240K)
 Metaspace       used 62933K, capacity 63693K, committed 64716K, reserved 1105920K
  class space    used 6931K, capacity 7249K, committed 7372K, reserved 1048576K
}
Event: 15.258 GC heap after
{Heap after GC invocations=13 (full 0):
 garbage-first heap   total 315392K, used 90624K [0x0000000700000000, 0x0000000800000000)
  region size 1024K, 12 young (12288K), 12 survivors (12288K)
 Metaspace       used 62933K, capacity 63693K, committed 64716K, reserved 1105920K
  class space    used 6931K, capacity 7249K, committed 7372K, reserved 1048576K
}
Event: 16.884 GC heap before
{Heap before GC invocations=13 (full 0):
 garbage-first heap   total 315392K, used 188928K [0x0000000700000000, 0x0000000800000000)
  region size 1024K, 108 young (110592K), 12 survivors (12288K)
 Metaspace       used 63767K, capacity 64486K, committed 65484K, reserved 1107968K
  class space    used 6950K, capacity 7254K, committed 7372K, reserved 1048576K
}
Event: 16.931 GC heap after
{Heap after GC invocations=14 (full 0):
 garbage-first heap   total 409600K, used 102912K [0x0000000700000000, 0x0000000800000000)
  region size 1024K, 12 young (12288K), 12 survivors (12288K)
 Metaspace       used 63767K, capacity 64486K, committed 65484K, reserved 1107968K
  class space    used 6950K, capacity 7254K, committed 7372K, reserved 1048576K
}
Event: 22.183 GC heap before
{Heap before GC invocations=14 (full 0):
 garbage-first heap   total 409600K, used 226816K [0x0000000700000000, 0x0000000800000000)
  region size 1024K, 133 young (136192K), 12 survivors (12288K)
 Metaspace       used 69309K, capacity 70213K, committed 71116K, reserved 1112064K
  class space    used 7483K, capacity 7852K, committed 7884K, reserved 1048576K
}
Event: 22.226 GC heap after
{Heap after GC invocations=15 (full 0):
 garbage-first heap   total 409600K, used 115200K [0x0000000700000000, 0x0000000800000000)
  region size 1024K, 12 young (12288K), 12 survivors (12288K)
 Metaspace       used 69309K, capacity 70213K, committed 71116K, reserved 1112064K
  class space    used 7483K, capacity 7852K, committed 7884K, reserved 1048576K
}
Event: 29.685 GC heap before
{Heap before GC invocations=15 (full 0):
 garbage-first heap   total 409600K, used 291328K [0x0000000700000000, 0x0000000800000000)
  region size 1024K, 183 young (187392K), 12 survivors (12288K)
 Metaspace       used 73783K, capacity 74747K, committed 75648K, reserved 1116160K
  class space    used 7938K, capacity 8318K, committed 8396K, reserved 1048576K
}
Event: 29.747 GC heap after
{Heap after GC invocations=16 (full 0):
 garbage-first heap   total 409600K, used 135680K [0x0000000700000000, 0x0000000800000000)
  region size 1024K, 23 young (23552K), 23 survivors (23552K)
 Metaspace       used 73783K, capacity 74747K, committed 75648K, reserved 1116160K
  class space    used 7938K, capacity 8318K, committed 8396K, reserved 1048576K
}
Event: 30.812 GC heap before
{Heap before GC invocations=16 (full 0):
 garbage-first heap   total 409600K, used 163328K [0x0000000700000000, 0x0000000800000000)
  region size 1024K, 51 young (52224K), 23 survivors (23552K)
 Metaspace       used 73969K, capacity 74883K, committed 75648K, reserved 1116160K
  class space    used 7942K, capacity 8319K, committed 8396K, reserved 1048576K
}
Event: 30.868 GC heap after
{Heap after GC invocations=17 (full 0):
 garbage-first heap   total 409600K, used 139264K [0x0000000700000000, 0x0000000800000000)
  region size 1024K, 3 young (3072K), 3 survivors (3072K)
 Metaspace       used 73969K, capacity 74883K, committed 75648K, reserved 1116160K
  class space    used 7942K, capacity 8319K, committed 8396K, reserved 1048576K
}

