# JRE version: OpenJDK Runtime Environment (11.0.13) (build 11.0.13+0-b1751.21-8125866)
# Java VM: OpenJDK 64-Bit Server VM (11.0.13+0-b1751.21-8125866, mixed mode, tiered, compressed oops, g1 gc, bsd-amd64)
Heap:
 garbage-first heap   total 315392K, used 246561K [0x0000000780000000, 0x0000000800000000)
  region size 1024K, 107 young (109568K), 14 survivors (14336K)
 Metaspace       used 100528K, capacity 103171K, committed 103452K, reserved 1138688K
  class space    used 12915K, capacity 13912K, committed 13976K, reserved 1048576K
GC Heap History (20 events):
Event: 12.732 GC heap after
{Heap after GC invocations=12 (full 0):
 garbage-first heap   total 262144K, used 58252K [0x0000000780000000, 0x0000000800000000)
  region size 1024K, 6 young (6144K), 6 survivors (6144K)
 Metaspace       used 58672K, capacity 60248K, committed 60368K, reserved 1101824K
  class space    used 7397K, capacity 7967K, committed 8012K, reserved 1048576K
}
Event: 15.911 GC heap before
{Heap before GC invocations=13 (full 0):
 garbage-first heap   total 262144K, used 169868K [0x0000000780000000, 0x0000000800000000)
  region size 1024K, 108 young (110592K), 6 survivors (6144K)
 Metaspace       used 67743K, capacity 69382K, committed 69788K, reserved 1110016K
  class space    used 8531K, capacity 9136K, committed 9240K, reserved 1048576K
}
Event: 15.938 GC heap after
{Heap after GC invocations=14 (full 0):
 garbage-first heap   total 315392K, used 64396K [0x0000000780000000, 0x0000000800000000)
  region size 1024K, 12 young (12288K), 12 survivors (12288K)
 Metaspace       used 67743K, capacity 69382K, committed 69788K, reserved 1110016K
  class space    used 8531K, capacity 9136K, committed 9240K, reserved 1048576K
}
Event: 19.080 GC heap before
{Heap before GC invocations=15 (full 0):
 garbage-first heap   total 315392K, used 197516K [0x0000000780000000, 0x0000000800000000)
  region size 1024K, 142 young (145408K), 12 survivors (12288K)
 Metaspace       used 76991K, capacity 78691K, committed 79132K, reserved 1118208K
  class space    used 9931K, capacity 10580K, committed 10648K, reserved 1048576K
}
Event: 19.110 GC heap after
{Heap after GC invocations=16 (full 0):
 garbage-first heap   total 315392K, used 73145K [0x0000000780000000, 0x0000000800000000)
  region size 1024K, 17 young (17408K), 17 survivors (17408K)
 Metaspace       used 76991K, capacity 78691K, committed 79132K, reserved 1118208K
  class space    used 9931K, capacity 10580K, committed 10648K, reserved 1048576K
}
Event: 23.223 GC heap before
{Heap before GC invocations=16 (full 0):
 garbage-first heap   total 315392K, used 208313K [0x0000000780000000, 0x0000000800000000)
  region size 1024K, 149 young (152576K), 17 survivors (17408K)
 Metaspace       used 87633K, capacity 89748K, committed 89884K, reserved 1126400K
  class space    used 11385K, capacity 12155K, committed 12184K, reserved 1048576K
}
Event: 23.276 GC heap after
{Heap after GC invocations=17 (full 0):
 garbage-first heap   total 315392K, used 82931K [0x0000000780000000, 0x0000000800000000)
  region size 1024K, 19 young (19456K), 19 survivors (19456K)
 Metaspace       used 87633K, capacity 89748K, committed 89884K, reserved 1126400K
  class space    used 11385K, capacity 12155K, committed 12184K, reserved 1048576K
}
Event: 24.874 GC heap before
{Heap before GC invocations=17 (full 0):
 garbage-first heap   total 315392K, used 218099K [0x0000000780000000, 0x0000000800000000)
  region size 1024K, 152 young (155648K), 19 survivors (19456K)
 Metaspace       used 88195K, capacity 90332K, committed 90524K, reserved 1128448K
  class space    used 11410K, capacity 12189K, committed 12312K, reserved 1048576K
}
Event: 24.917 GC heap after
{Heap after GC invocations=18 (full 0):
 garbage-first heap   total 315392K, used 92096K [0x0000000780000000, 0x0000000800000000)
  region size 1024K, 19 young (19456K), 19 survivors (19456K)
 Metaspace       used 88195K, capacity 90332K, committed 90524K, reserved 1128448K
  class space    used 11410K, capacity 12189K, committed 12312K, reserved 1048576K
}
Event: 26.150 GC heap before
{Heap before GC invocations=18 (full 0):
 garbage-first heap   total 315392K, used 228288K [0x0000000780000000, 0x0000000800000000)
  region size 1024K, 152 young (155648K), 19 survivors (19456K)
 Metaspace       used 88730K, capacity 90882K, committed 91036K, reserved 1128448K
  class space    used 11448K, capacity 12240K, committed 12312K, reserved 1048576K
}
Event: 26.192 GC heap after
{Heap after GC invocations=19 (full 0):
 garbage-first heap   total 315392K, used 101888K [0x0000000780000000, 0x0000000800000000)
  region size 1024K, 19 young (19456K), 19 survivors (19456K)
 Metaspace       used 88730K, capacity 90882K, committed 91036K, reserved 1128448K
  class space    used 11448K, capacity 12240K, committed 12312K, reserved 1048576K
}
Event: 27.900 GC heap before
{Heap before GC invocations=19 (full 0):
 garbage-first heap   total 315392K, used 232960K [0x0000000780000000, 0x0000000800000000)
  region size 1024K, 148 young (151552K), 19 survivors (19456K)
 Metaspace       used 89088K, capacity 91340K, committed 91548K, reserved 1128448K
  class space    used 11468K, capacity 12288K, committed 12312K, reserved 1048576K
}
Event: 27.940 GC heap after
{Heap after GC invocations=20 (full 0):
 garbage-first heap   total 315392K, used 110469K [0x0000000780000000, 0x0000000800000000)
  region size 1024K, 11 young (11264K), 11 survivors (11264K)
 Metaspace       used 89088K, capacity 91340K, committed 91548K, reserved 1128448K
  class space    used 11468K, capacity 12288K, committed 12312K, reserved 1048576K
}
Event: 29.548 GC heap before
{Heap before GC invocations=20 (full 0):
 garbage-first heap   total 315392K, used 239493K [0x0000000780000000, 0x0000000800000000)
  region size 1024K, 138 young (141312K), 11 survivors (11264K)
 Metaspace       used 89743K, capacity 91927K, committed 92188K, reserved 1128448K
  class space    used 11508K, capacity 12330K, committed 12440K, reserved 1048576K
}
Event: 29.575 GC heap after
{Heap after GC invocations=21 (full 0):
 garbage-first heap   total 315392K, used 119808K [0x0000000780000000, 0x0000000800000000)
  region size 1024K, 12 young (12288K), 12 survivors (12288K)
 Metaspace       used 89743K, capacity 91927K, committed 92188K, reserved 1128448K
  class space    used 11508K, capacity 12330K, committed 12440K, reserved 1048576K
}
Event: 30.840 GC heap before
{Heap before GC invocations=21 (full 0):
 garbage-first heap   total 315392K, used 247807K [0x0000000780000000, 0x0000000800000000)
  region size 1024K, 134 young (137216K), 12 survivors (12288K)
 Metaspace       used 91910K, capacity 94262K, committed 94492K, reserved 1130496K
  class space    used 11753K, capacity 12624K, committed 12696K, reserved 1048576K
}
Event: 30.868 GC heap after
{Heap after GC invocations=22 (full 0):
 garbage-first heap   total 315392K, used 127310K [0x0000000780000000, 0x0000000800000000)
  region size 1024K, 11 young (11264K), 11 survivors (11264K)
 Metaspace       used 91910K, capacity 94262K, committed 94492K, reserved 1130496K
  class space    used 11753K, capacity 12624K, committed 12696K, reserved 1048576K
}
Event: 31.864 GC heap before
{Heap before GC invocations=22 (full 0):
 garbage-first heap   total 315392K, used 247118K [0x0000000780000000, 0x0000000800000000)
  region size 1024K, 129 young (132096K), 11 survivors (11264K)
 Metaspace       used 96733K, capacity 99196K, committed 99484K, reserved 1136640K
  class space    used 12381K, capacity 13291K, committed 13336K, reserved 1048576K
}
Event: 31.912 GC heap after
{Heap after GC invocations=23 (full 0):
 garbage-first heap   total 315392K, used 151329K [0x0000000780000000, 0x0000000800000000)
  region size 1024K, 17 young (17408K), 17 survivors (17408K)
 Metaspace       used 96733K, capacity 99196K, committed 99484K, reserved 1136640K
  class space    used 12381K, capacity 13291K, committed 13336K, reserved 1048576K
}
Event: 32.907 GC heap before
{Heap before GC invocations=23 (full 0):
 garbage-first heap   total 315392K, used 246561K [0x0000000780000000, 0x0000000800000000)
  region size 1024K, 110 young (112640K), 17 survivors (17408K)
 Metaspace       used 100528K, capacity 103171K, committed 103452K, reserved 1138688K
  class space    used 12915K, capacity 13912K, committed 13976K, reserved 1048576K
}

