# JRE version: OpenJDK Runtime Environment (11.0.13) (build 11.0.13+0-b1751.21-8125866)
# Java VM: OpenJDK 64-Bit Server VM (11.0.13+0-b1751.21-8125866, mixed mode, tiered, compressed oops, g1 gc, bsd-amd64)
Heap:
 garbage-first heap   total 454656K, used 205824K [0x0000000700000000, 0x0000000800000000)
  region size 1024K, 90 young (92160K), 14 survivors (14336K)
 Metaspace       used 80775K, capacity 82109K, committed 82512K, reserved 1122304K
  class space    used 8459K, capacity 8938K, committed 8960K, reserved 1048576K
GC Heap History (20 events):
Event: 7.273 GC heap before
{Heap before GC invocations=6 (full 0):
 garbage-first heap   total 262144K, used 75050K [0x0000000700000000, 0x0000000800000000)
  region size 1024K, 52 young (53248K), 2 survivors (2048K)
 Metaspace       used 44746K, capacity 45250K, committed 46208K, reserved 1089536K
  class space    used 5268K, capacity 5467K, committed 5504K, reserved 1048576K
}
Event: 7.287 GC heap after
{Heap after GC invocations=7 (full 0):
 garbage-first heap   total 315392K, used 26134K [0x0000000700000000, 0x0000000800000000)
  region size 1024K, 7 young (7168K), 7 survivors (7168K)
 Metaspace       used 44746K, capacity 45250K, committed 46208K, reserved 1089536K
  class space    used 5268K, capacity 5467K, committed 5504K, reserved 1048576K
}
Event: 9.682 GC heap before
{Heap before GC invocations=8 (full 0):
 garbage-first heap   total 315392K, used 89622K [0x0000000700000000, 0x0000000800000000)
  region size 1024K, 66 young (67584K), 7 survivors (7168K)
 Metaspace       used 49463K, capacity 50098K, committed 50816K, reserved 1093632K
  class space    used 5757K, capacity 6006K, committed 6016K, reserved 1048576K
}
Event: 9.709 GC heap after
{Heap after GC invocations=9 (full 0):
 garbage-first heap   total 315392K, used 39859K [0x0000000700000000, 0x0000000800000000)
  region size 1024K, 9 young (9216K), 9 survivors (9216K)
 Metaspace       used 49463K, capacity 50098K, committed 50816K, reserved 1093632K
  class space    used 5757K, capacity 6006K, committed 6016K, reserved 1048576K
}
Event: 13.116 GC heap before
{Heap before GC invocations=9 (full 0):
 garbage-first heap   total 315392K, used 111539K [0x0000000700000000, 0x0000000800000000)
  region size 1024K, 77 young (78848K), 9 survivors (9216K)
 Metaspace       used 55769K, capacity 56496K, committed 57344K, reserved 1099776K
  class space    used 6309K, capacity 6612K, committed 6656K, reserved 1048576K
}
Event: 13.164 GC heap after
{Heap after GC invocations=10 (full 0):
 garbage-first heap   total 315392K, used 53208K [0x0000000700000000, 0x0000000800000000)
  region size 1024K, 10 young (10240K), 10 survivors (10240K)
 Metaspace       used 55769K, capacity 56496K, committed 57344K, reserved 1099776K
  class space    used 6309K, capacity 6612K, committed 6656K, reserved 1048576K
}
Event: 17.060 GC heap before
{Heap before GC invocations=10 (full 0):
 garbage-first heap   total 315392K, used 94168K [0x0000000700000000, 0x0000000800000000)
  region size 1024K, 50 young (51200K), 10 survivors (10240K)
 Metaspace       used 58884K, capacity 59626K, committed 60544K, reserved 1103872K
  class space    used 6644K, capacity 6941K, committed 7040K, reserved 1048576K
}
Event: 17.102 GC heap after
{Heap after GC invocations=11 (full 0):
 garbage-first heap   total 315392K, used 63338K [0x0000000700000000, 0x0000000800000000)
  region size 1024K, 7 young (7168K), 7 survivors (7168K)
 Metaspace       used 58884K, capacity 59626K, committed 60544K, reserved 1103872K
  class space    used 6644K, capacity 6941K, committed 7040K, reserved 1048576K
}
Event: 19.663 GC heap before
{Heap before GC invocations=11 (full 0):
 garbage-first heap   total 315392K, used 141162K [0x0000000700000000, 0x0000000800000000)
  region size 1024K, 83 young (84992K), 7 survivors (7168K)
 Metaspace       used 60636K, capacity 61423K, committed 62464K, reserved 1103872K
  class space    used 6744K, capacity 7049K, committed 7168K, reserved 1048576K
}
Event: 19.711 GC heap after
{Heap after GC invocations=12 (full 0):
 garbage-first heap   total 378880K, used 76800K [0x0000000700000000, 0x0000000800000000)
  region size 1024K, 11 young (11264K), 11 survivors (11264K)
 Metaspace       used 60636K, capacity 61423K, committed 62464K, reserved 1103872K
  class space    used 6744K, capacity 7049K, committed 7168K, reserved 1048576K
}
Event: 23.451 GC heap before
{Heap before GC invocations=12 (full 0):
 garbage-first heap   total 378880K, used 168960K [0x0000000700000000, 0x0000000800000000)
  region size 1024K, 101 young (103424K), 11 survivors (11264K)
 Metaspace       used 66134K, capacity 67004K, committed 67840K, reserved 1110016K
  class space    used 7255K, capacity 7604K, committed 7680K, reserved 1048576K
}
Event: 23.491 GC heap after
{Heap after GC invocations=13 (full 0):
 garbage-first heap   total 378880K, used 86920K [0x0000000700000000, 0x0000000800000000)
  region size 1024K, 9 young (9216K), 9 survivors (9216K)
 Metaspace       used 66134K, capacity 67004K, committed 67840K, reserved 1110016K
  class space    used 7255K, capacity 7604K, committed 7680K, reserved 1048576K
}
Event: 28.934 GC heap before
{Heap before GC invocations=13 (full 0):
 garbage-first heap   total 378880K, used 195464K [0x0000000700000000, 0x0000000800000000)
  region size 1024K, 115 young (117760K), 9 survivors (9216K)
 Metaspace       used 70053K, capacity 71033K, committed 71808K, reserved 1114112K
  class space    used 7662K, capacity 8052K, committed 8064K, reserved 1048576K
}
Event: 28.982 GC heap after
{Heap after GC invocations=14 (full 0):
 garbage-first heap   total 378880K, used 100694K [0x0000000700000000, 0x0000000800000000)
  region size 1024K, 14 young (14336K), 14 survivors (14336K)
 Metaspace       used 70053K, capacity 71033K, committed 71808K, reserved 1114112K
  class space    used 7662K, capacity 8052K, committed 8064K, reserved 1048576K
}
Event: 35.049 GC heap before
{Heap before GC invocations=14 (full 0):
 garbage-first heap   total 378880K, used 246102K [0x0000000700000000, 0x0000000800000000)
  region size 1024K, 155 young (158720K), 14 survivors (14336K)
 Metaspace       used 72160K, capacity 73120K, committed 73984K, reserved 1116160K
  class space    used 7769K, capacity 8159K, committed 8192K, reserved 1048576K
}
Event: 35.111 GC heap after
{Heap after GC invocations=15 (full 0):
 garbage-first heap   total 378880K, used 114688K [0x0000000700000000, 0x0000000800000000)
  region size 1024K, 14 young (14336K), 14 survivors (14336K)
 Metaspace       used 72160K, capacity 73120K, committed 73984K, reserved 1116160K
  class space    used 7769K, capacity 8159K, committed 8192K, reserved 1048576K
}
Event: 41.175 GC heap before
{Heap before GC invocations=15 (full 0):
 garbage-first heap   total 378880K, used 264192K [0x0000000700000000, 0x0000000800000000)
  region size 1024K, 160 young (163840K), 14 survivors (14336K)
 Metaspace       used 73576K, capacity 74910K, committed 75264K, reserved 1116160K
  class space    used 7882K, capacity 8367K, committed 8448K, reserved 1048576K
}
Event: 41.240 GC heap after
{Heap after GC invocations=16 (full 0):
 garbage-first heap   total 454656K, used 126976K [0x0000000700000000, 0x0000000800000000)
  region size 1024K, 12 young (12288K), 12 survivors (12288K)
 Metaspace       used 73576K, capacity 74910K, committed 75264K, reserved 1116160K
  class space    used 7882K, capacity 8367K, committed 8448K, reserved 1048576K
}
Event: 43.970 GC heap before
{Heap before GC invocations=16 (full 0):
 garbage-first heap   total 454656K, used 228352K [0x0000000700000000, 0x0000000800000000)
  region size 1024K, 112 young (114688K), 12 survivors (12288K)
 Metaspace       used 75403K, capacity 76725K, committed 76928K, reserved 1118208K
  class space    used 8013K, capacity 8487K, committed 8576K, reserved 1048576K
}
Event: 43.998 GC heap after
{Heap after GC invocations=17 (full 0):
 garbage-first heap   total 454656K, used 129024K [0x0000000700000000, 0x0000000800000000)
  region size 1024K, 14 young (14336K), 14 survivors (14336K)
 Metaspace       used 75403K, capacity 76725K, committed 76928K, reserved 1118208K
  class space    used 8013K, capacity 8487K, committed 8576K, reserved 1048576K
}

