# JRE version: OpenJDK Runtime Environment (11.0.13) (build 11.0.13+0-b1751.21-8125866)
# Java VM: OpenJDK 64-Bit Server VM (11.0.13+0-b1751.21-8125866, mixed mode, tiered, compressed oops, g1 gc, bsd-amd64)
Heap:
 garbage-first heap   total 262144K, used 188924K [0x0000000780000000, 0x0000000800000000)
  region size 1024K, 124 young (126976K), 16 survivors (16384K)
 Metaspace       used 88143K, capacity 90378K, committed 90484K, reserved 1128448K
  class space    used 11434K, capacity 12254K, committed 12288K, reserved 1048576K
GC Heap History (20 events):
Event: 3.837 GC heap after
{Heap after GC invocations=4 (full 0):
 garbage-first heap   total 262144K, used 16600K [0x0000000780000000, 0x0000000800000000)
  region size 1024K, 2 young (2048K), 2 survivors (2048K)
 Metaspace       used 19350K, capacity 19712K, committed 19968K, reserved 1067008K
  class space    used 2341K, capacity 2463K, committed 2560K, reserved 1048576K
}
Event: 4.089 GC heap before
{Heap before GC invocations=4 (full 0):
 garbage-first heap   total 262144K, used 24792K [0x0000000780000000, 0x0000000800000000)
  region size 1024K, 11 young (11264K), 2 survivors (2048K)
 Metaspace       used 20673K, capacity 21121K, committed 21296K, reserved 1069056K
  class space    used 2510K, capacity 2681K, committed 2688K, reserved 1048576K
}
Event: 4.094 GC heap after
{Heap after GC invocations=5 (full 0):
 garbage-first heap   total 262144K, used 16947K [0x0000000780000000, 0x0000000800000000)
  region size 1024K, 2 young (2048K), 2 survivors (2048K)
 Metaspace       used 20673K, capacity 21121K, committed 21296K, reserved 1069056K
  class space    used 2510K, capacity 2681K, committed 2688K, reserved 1048576K
}
Event: 5.438 GC heap before
{Heap before GC invocations=6 (full 0):
 garbage-first heap   total 262144K, used 76339K [0x0000000780000000, 0x0000000800000000)
  region size 1024K, 60 young (61440K), 2 survivors (2048K)
 Metaspace       used 26677K, capacity 27277K, committed 27520K, reserved 1073152K
  class space    used 3448K, capacity 3696K, committed 3712K, reserved 1048576K
}
Event: 5.445 GC heap after
{Heap after GC invocations=7 (full 0):
 garbage-first heap   total 262144K, used 19023K [0x0000000780000000, 0x0000000800000000)
  region size 1024K, 4 young (4096K), 4 survivors (4096K)
 Metaspace       used 26677K, capacity 27277K, committed 27520K, reserved 1073152K
  class space    used 3448K, capacity 3696K, committed 3712K, reserved 1048576K
}
Event: 6.967 GC heap before
{Heap before GC invocations=7 (full 0):
 garbage-first heap   total 262144K, used 76367K [0x0000000780000000, 0x0000000800000000)
  region size 1024K, 61 young (62464K), 4 survivors (4096K)
 Metaspace       used 35061K, capacity 35808K, committed 36048K, reserved 1081344K
  class space    used 4499K, capacity 4797K, committed 4864K, reserved 1048576K
}
Event: 6.979 GC heap after
{Heap after GC invocations=8 (full 0):
 garbage-first heap   total 262144K, used 22328K [0x0000000780000000, 0x0000000800000000)
  region size 1024K, 8 young (8192K), 8 survivors (8192K)
 Metaspace       used 35061K, capacity 35808K, committed 36048K, reserved 1081344K
  class space    used 4499K, capacity 4797K, committed 4864K, reserved 1048576K
}
Event: 9.057 GC heap before
{Heap before GC invocations=9 (full 0):
 garbage-first heap   total 262144K, used 115512K [0x0000000780000000, 0x0000000800000000)
  region size 1024K, 96 young (98304K), 8 survivors (8192K)
 Metaspace       used 41950K, capacity 43014K, committed 43344K, reserved 1087488K
  class space    used 5342K, capacity 5693K, committed 5760K, reserved 1048576K
}
Event: 9.079 GC heap after
{Heap after GC invocations=10 (full 0):
 garbage-first heap   total 262144K, used 29154K [0x0000000780000000, 0x0000000800000000)
  region size 1024K, 12 young (12288K), 12 survivors (12288K)
 Metaspace       used 41950K, capacity 43014K, committed 43344K, reserved 1087488K
  class space    used 5342K, capacity 5693K, committed 5760K, reserved 1048576K
}
Event: 11.756 GC heap before
{Heap before GC invocations=10 (full 0):
 garbage-first heap   total 262144K, used 170466K [0x0000000780000000, 0x0000000800000000)
  region size 1024K, 139 young (142336K), 12 survivors (12288K)
 Metaspace       used 49140K, capacity 50628K, committed 50768K, reserved 1093632K
  class space    used 6204K, capacity 6725K, committed 6784K, reserved 1048576K
}
Event: 11.791 GC heap after
{Heap after GC invocations=11 (full 0):
 garbage-first heap   total 262144K, used 52377K [0x0000000780000000, 0x0000000800000000)
  region size 1024K, 18 young (18432K), 18 survivors (18432K)
 Metaspace       used 49140K, capacity 50628K, committed 50768K, reserved 1093632K
  class space    used 6204K, capacity 6725K, committed 6784K, reserved 1048576K
}
Event: 13.879 GC heap before
{Heap before GC invocations=11 (full 0):
 garbage-first heap   total 262144K, used 128153K [0x0000000780000000, 0x0000000800000000)
  region size 1024K, 93 young (95232K), 18 survivors (18432K)
 Metaspace       used 58744K, capacity 60312K, committed 60496K, reserved 1101824K
  class space    used 7403K, capacity 7966K, committed 8064K, reserved 1048576K
}
Event: 13.923 GC heap after
{Heap after GC invocations=12 (full 0):
 garbage-first heap   total 262144K, used 57601K [0x0000000780000000, 0x0000000800000000)
  region size 1024K, 4 young (4096K), 4 survivors (4096K)
 Metaspace       used 58744K, capacity 60312K, committed 60496K, reserved 1101824K
  class space    used 7403K, capacity 7966K, committed 8064K, reserved 1048576K
}
Event: 16.542 GC heap before
{Heap before GC invocations=13 (full 0):
 garbage-first heap   total 262144K, used 171265K [0x0000000780000000, 0x0000000800000000)
  region size 1024K, 107 young (109568K), 4 survivors (4096K)
 Metaspace       used 67966K, capacity 69513K, committed 69748K, reserved 1110016K
  class space    used 8552K, capacity 9135K, committed 9216K, reserved 1048576K
}
Event: 16.558 GC heap after
{Heap after GC invocations=14 (full 0):
 garbage-first heap   total 262144K, used 64026K [0x0000000780000000, 0x0000000800000000)
  region size 1024K, 11 young (11264K), 11 survivors (11264K)
 Metaspace       used 67966K, capacity 69513K, committed 69748K, reserved 1110016K
  class space    used 8552K, capacity 9135K, committed 9216K, reserved 1048576K
}
Event: 19.099 GC heap before
{Heap before GC invocations=15 (full 0):
 garbage-first heap   total 262144K, used 172570K [0x0000000780000000, 0x0000000800000000)
  region size 1024K, 117 young (119808K), 11 survivors (11264K)
 Metaspace       used 75112K, capacity 76750K, committed 77044K, reserved 1116160K
  class space    used 9665K, capacity 10278K, committed 10368K, reserved 1048576K
}
Event: 19.123 GC heap after
{Heap after GC invocations=16 (full 0):
 garbage-first heap   total 262144K, used 71577K [0x0000000780000000, 0x0000000800000000)
  region size 1024K, 15 young (15360K), 15 survivors (15360K)
 Metaspace       used 75112K, capacity 76750K, committed 77044K, reserved 1116160K
  class space    used 9665K, capacity 10278K, committed 10368K, reserved 1048576K
}
Event: 22.763 GC heap before
{Heap before GC invocations=16 (full 0):
 garbage-first heap   total 262144K, used 182169K [0x0000000780000000, 0x0000000800000000)
  region size 1024K, 123 young (125952K), 15 survivors (15360K)
 Metaspace       used 84768K, capacity 86629K, committed 86900K, reserved 1124352K
  class space    used 10963K, capacity 11658K, committed 11776K, reserved 1048576K
}
Event: 22.802 GC heap after
{Heap after GC invocations=17 (full 0):
 garbage-first heap   total 262144K, used 78332K [0x0000000780000000, 0x0000000800000000)
  region size 1024K, 14 young (14336K), 14 survivors (14336K)
 Metaspace       used 84768K, capacity 86629K, committed 86900K, reserved 1124352K
  class space    used 10963K, capacity 11658K, committed 11776K, reserved 1048576K
}
Event: 25.130 GC heap before
{Heap before GC invocations=17 (full 0):
 garbage-first heap   total 262144K, used 187900K [0x0000000780000000, 0x0000000800000000)
  region size 1024K, 122 young (124928K), 14 survivors (14336K)
 Metaspace       used 88143K, capacity 90378K, committed 90484K, reserved 1128448K
  class space    used 11434K, capacity 12254K, committed 12288K, reserved 1048576K
}

