# JRE version: OpenJDK Runtime Environment (11.0.13) (build 11.0.13+0-b1751.21-8125866)
# Java VM: OpenJDK 64-Bit Server VM (11.0.13+0-b1751.21-8125866, mixed mode, tiered, compressed oops, g1 gc, bsd-amd64)
Heap:
 garbage-first heap   total 378880K, used 299008K [0x0000000780000000, 0x0000000800000000)
  region size 1024K, 153 young (156672K), 12 survivors (12288K)
 Metaspace       used 110378K, capacity 112897K, committed 113344K, reserved 1148928K
  class space    used 13492K, capacity 14423K, committed 14464K, reserved 1048576K
GC Heap History (20 events):
Event: 28.346 GC heap after
{Heap after GC invocations=21 (full 0):
 garbage-first heap   total 378880K, used 156804K [0x0000000780000000, 0x0000000800000000)
  region size 1024K, 3 young (3072K), 3 survivors (3072K)
 Metaspace       used 97979K, capacity 100400K, committed 100672K, reserved 1136640K
  class space    used 12349K, capacity 13233K, committed 13312K, reserved 1048576K
}
Event: 29.432 GC heap before
{Heap before GC invocations=22 (full 0):
 garbage-first heap   total 378880K, used 220292K [0x0000000780000000, 0x0000000800000000)
  region size 1024K, 52 young (53248K), 3 survivors (3072K)
 Metaspace       used 98144K, capacity 100446K, committed 100928K, reserved 1136640K
  class space    used 12345K, capacity 13203K, committed 13312K, reserved 1048576K
}
Event: 29.467 GC heap after
{Heap after GC invocations=23 (full 0):
 garbage-first heap   total 378880K, used 172904K [0x0000000780000000, 0x0000000800000000)
  region size 1024K, 11 young (11264K), 11 survivors (11264K)
 Metaspace       used 98144K, capacity 100446K, committed 100928K, reserved 1136640K
  class space    used 12345K, capacity 13203K, committed 13312K, reserved 1048576K
}
Event: 30.697 GC heap before
{Heap before GC invocations=23 (full 0):
 garbage-first heap   total 378880K, used 303976K [0x0000000780000000, 0x0000000800000000)
  region size 1024K, 125 young (128000K), 11 survivors (11264K)
 Metaspace       used 101534K, capacity 103896K, committed 104256K, reserved 1140736K
  class space    used 12632K, capacity 13503K, committed 13568K, reserved 1048576K
}
Event: 30.720 GC heap after
{Heap after GC invocations=24 (full 0):
 garbage-first heap   total 378880K, used 180989K [0x0000000780000000, 0x0000000800000000)
  region size 1024K, 16 young (16384K), 16 survivors (16384K)
 Metaspace       used 101534K, capacity 103896K, committed 104256K, reserved 1140736K
  class space    used 12632K, capacity 13503K, committed 13568K, reserved 1048576K
}
Event: 32.085 GC heap before
{Heap before GC invocations=25 (full 0):
 garbage-first heap   total 378880K, used 289533K [0x0000000780000000, 0x0000000800000000)
  region size 1024K, 123 young (125952K), 16 survivors (16384K)
 Metaspace       used 102044K, capacity 104472K, committed 105024K, reserved 1140736K
  class space    used 12643K, capacity 13503K, committed 13568K, reserved 1048576K
}
Event: 32.114 GC heap after
{Heap after GC invocations=26 (full 0):
 garbage-first heap   total 378880K, used 186880K [0x0000000780000000, 0x0000000800000000)
  region size 1024K, 6 young (6144K), 6 survivors (6144K)
 Metaspace       used 102044K, capacity 104472K, committed 105024K, reserved 1140736K
  class space    used 12643K, capacity 13503K, committed 13568K, reserved 1048576K
}
Event: 32.995 GC heap before
{Heap before GC invocations=26 (full 0):
 garbage-first heap   total 378880K, used 296448K [0x0000000780000000, 0x0000000800000000)
  region size 1024K, 114 young (116736K), 6 survivors (6144K)
 Metaspace       used 103299K, capacity 105723K, committed 106176K, reserved 1142784K
  class space    used 12734K, capacity 13600K, committed 13696K, reserved 1048576K
}
Event: 33.022 GC heap after
{Heap after GC invocations=27 (full 0):
 garbage-first heap   total 378880K, used 188764K [0x0000000780000000, 0x0000000800000000)
  region size 1024K, 8 young (8192K), 8 survivors (8192K)
 Metaspace       used 103299K, capacity 105723K, committed 106176K, reserved 1142784K
  class space    used 12734K, capacity 13600K, committed 13696K, reserved 1048576K
}
Event: 34.050 GC heap before
{Heap before GC invocations=28 (full 0):
 garbage-first heap   total 378880K, used 262492K [0x0000000780000000, 0x0000000800000000)
  region size 1024K, 120 young (122880K), 8 survivors (8192K)
 Metaspace       used 103531K, capacity 105924K, committed 106432K, reserved 1142784K
  class space    used 12741K, capacity 13603K, committed 13696K, reserved 1048576K
}
Event: 34.060 GC heap after
{Heap after GC invocations=29 (full 0):
 garbage-first heap   total 378880K, used 145376K [0x0000000780000000, 0x0000000800000000)
  region size 1024K, 4 young (4096K), 4 survivors (4096K)
 Metaspace       used 103531K, capacity 105924K, committed 106432K, reserved 1142784K
  class space    used 12741K, capacity 13603K, committed 13696K, reserved 1048576K
}
Event: 34.387 GC heap before
{Heap before GC invocations=29 (full 0):
 garbage-first heap   total 378880K, used 161760K [0x0000000780000000, 0x0000000800000000)
  region size 1024K, 18 young (18432K), 4 survivors (4096K)
 Metaspace       used 103632K, capacity 106085K, committed 106432K, reserved 1142784K
  class space    used 12757K, capacity 13652K, committed 13696K, reserved 1048576K
}
Event: 34.395 GC heap after
{Heap after GC invocations=30 (full 0):
 garbage-first heap   total 378880K, used 121283K [0x0000000780000000, 0x0000000800000000)
  region size 1024K, 1 young (1024K), 1 survivors (1024K)
 Metaspace       used 103632K, capacity 106085K, committed 106432K, reserved 1142784K
  class space    used 12757K, capacity 13652K, committed 13696K, reserved 1048576K
}
Event: 35.830 GC heap before
{Heap before GC invocations=30 (full 0):
 garbage-first heap   total 378880K, used 286147K [0x0000000780000000, 0x0000000800000000)
  region size 1024K, 163 young (166912K), 1 survivors (1024K)
 Metaspace       used 104809K, capacity 107209K, committed 107584K, reserved 1142784K
  class space    used 12870K, capacity 13741K, committed 13824K, reserved 1048576K
}
Event: 35.865 GC heap after
{Heap after GC invocations=31 (full 0):
 garbage-first heap   total 378880K, used 134210K [0x0000000780000000, 0x0000000800000000)
  region size 1024K, 14 young (14336K), 14 survivors (14336K)
 Metaspace       used 104809K, capacity 107209K, committed 107584K, reserved 1142784K
  class space    used 12870K, capacity 13741K, committed 13824K, reserved 1048576K
}
Event: 36.855 GC heap before
{Heap before GC invocations=31 (full 0):
 garbage-first heap   total 378880K, used 291906K [0x0000000780000000, 0x0000000800000000)
  region size 1024K, 169 young (173056K), 14 survivors (14336K)
 Metaspace       used 106629K, capacity 109074K, committed 109376K, reserved 1144832K
  class space    used 13104K, capacity 14007K, committed 14080K, reserved 1048576K
}
Event: 36.904 GC heap after
{Heap after GC invocations=32 (full 0):
 garbage-first heap   total 378880K, used 140816K [0x0000000780000000, 0x0000000800000000)
  region size 1024K, 10 young (10240K), 10 survivors (10240K)
 Metaspace       used 106629K, capacity 109074K, committed 109376K, reserved 1144832K
  class space    used 13104K, capacity 14007K, committed 14080K, reserved 1048576K
}
Event: 42.246 GC heap before
{Heap before GC invocations=32 (full 0):
 garbage-first heap   total 378880K, used 297488K [0x0000000780000000, 0x0000000800000000)
  region size 1024K, 164 young (167936K), 10 survivors (10240K)
 Metaspace       used 109685K, capacity 112168K, committed 112576K, reserved 1146880K
  class space    used 13443K, capacity 14376K, committed 14464K, reserved 1048576K
}
Event: 42.291 GC heap after
{Heap after GC invocations=33 (full 0):
 garbage-first heap   total 378880K, used 154624K [0x0000000780000000, 0x0000000800000000)
  region size 1024K, 21 young (21504K), 21 survivors (21504K)
 Metaspace       used 109685K, capacity 112168K, committed 112576K, reserved 1146880K
  class space    used 13443K, capacity 14376K, committed 14464K, reserved 1048576K
}
Event: 44.790 GC heap before
{Heap before GC invocations=33 (full 0):
 garbage-first heap   total 378880K, used 297984K [0x0000000780000000, 0x0000000800000000)
  region size 1024K, 162 young (165888K), 21 survivors (21504K)
 Metaspace       used 110378K, capacity 112897K, committed 113344K, reserved 1148928K
  class space    used 13492K, capacity 14423K, committed 14464K, reserved 1048576K
}

