# JRE version: OpenJDK Runtime Environment (11.0.13) (build 11.0.13+0-b1751.21-8125866)
# Java VM: OpenJDK 64-Bit Server VM (11.0.13+0-b1751.21-8125866, mixed mode, tiered, compressed oops, g1 gc, bsd-amd64)
Heap:
 garbage-first heap   total 372736K, used 298624K [0x0000000780000000, 0x0000000800000000)
  region size 1024K, 68 young (69632K), 13 survivors (13312K)
 Metaspace       used 123754K, capacity 127802K, committed 128176K, reserved 1161216K
  class space    used 15430K, capacity 16851K, committed 16896K, reserved 1048576K
GC Heap History (20 events):
Event: 282.212 GC heap before
{Heap before GC invocations=46 (full 0):
 garbage-first heap   total 262144K, used 223150K [0x0000000780000000, 0x0000000800000000)
  region size 1024K, 36 young (36864K), 2 survivors (2048K)
 Metaspace       used 111732K, capacity 115075K, committed 115248K, reserved 1148928K
  class space    used 14235K, capacity 15447K, committed 15488K, reserved 1048576K
}
Event: 282.224 GC heap after
{Heap after GC invocations=47 (full 0):
 garbage-first heap   total 262144K, used 192399K [0x0000000780000000, 0x0000000800000000)
  region size 1024K, 5 young (5120K), 5 survivors (5120K)
 Metaspace       used 111732K, capacity 115075K, committed 115248K, reserved 1148928K
  class space    used 14235K, capacity 15447K, committed 15488K, reserved 1048576K
}
Event: 282.396 GC heap before
{Heap before GC invocations=47 (full 0):
 garbage-first heap   total 262144K, used 224143K [0x0000000780000000, 0x0000000800000000)
  region size 1024K, 37 young (37888K), 5 survivors (5120K)
 Metaspace       used 111920K, capacity 115365K, committed 115632K, reserved 1148928K
  class space    used 14264K, capacity 15514K, committed 15616K, reserved 1048576K
}
Event: 282.410 GC heap after
{Heap after GC invocations=48 (full 0):
 garbage-first heap   total 262144K, used 195710K [0x0000000780000000, 0x0000000800000000)
  region size 1024K, 4 young (4096K), 4 survivors (4096K)
 Metaspace       used 111920K, capacity 115365K, committed 115632K, reserved 1148928K
  class space    used 14264K, capacity 15514K, committed 15616K, reserved 1048576K
}
Event: 282.649 GC heap before
{Heap before GC invocations=48 (full 0):
 garbage-first heap   total 262144K, used 224382K [0x0000000780000000, 0x0000000800000000)
  region size 1024K, 33 young (33792K), 4 survivors (4096K)
 Metaspace       used 111946K, capacity 115367K, committed 115632K, reserved 1148928K
  class space    used 14264K, capacity 15514K, committed 15616K, reserved 1048576K
}
Event: 282.668 GC heap after
{Heap after GC invocations=49 (full 0):
 garbage-first heap   total 262144K, used 197521K [0x0000000780000000, 0x0000000800000000)
  region size 1024K, 4 young (4096K), 4 survivors (4096K)
 Metaspace       used 111946K, capacity 115367K, committed 115632K, reserved 1148928K
  class space    used 14264K, capacity 15514K, committed 15616K, reserved 1048576K
}
Event: 283.955 GC heap before
{Heap before GC invocations=50 (full 0):
 garbage-first heap   total 262144K, used 225169K [0x0000000780000000, 0x0000000800000000)
  region size 1024K, 32 young (32768K), 4 survivors (4096K)
 Metaspace       used 112174K, capacity 115590K, committed 115888K, reserved 1148928K
  class space    used 14287K, capacity 15521K, committed 15616K, reserved 1048576K
}
Event: 283.967 GC heap after
{Heap after GC invocations=51 (full 0):
 garbage-first heap   total 372736K, used 199148K [0x0000000780000000, 0x0000000800000000)
  region size 1024K, 3 young (3072K), 3 survivors (3072K)
 Metaspace       used 112174K, capacity 115590K, committed 115888K, reserved 1148928K
  class space    used 14287K, capacity 15521K, committed 15616K, reserved 1048576K
}
Event: 284.569 GC heap before
{Heap before GC invocations=51 (full 0):
 garbage-first heap   total 372736K, used 214508K [0x0000000780000000, 0x0000000800000000)
  region size 1024K, 18 young (18432K), 3 survivors (3072K)
 Metaspace       used 112263K, capacity 115680K, committed 115888K, reserved 1148928K
  class space    used 14302K, capacity 15530K, committed 15616K, reserved 1048576K
}
Event: 284.576 GC heap after
{Heap after GC invocations=52 (full 0):
 garbage-first heap   total 372736K, used 199566K [0x0000000780000000, 0x0000000800000000)
  region size 1024K, 1 young (1024K), 1 survivors (1024K)
 Metaspace       used 112263K, capacity 115680K, committed 115888K, reserved 1148928K
  class space    used 14302K, capacity 15530K, committed 15616K, reserved 1048576K
}
Event: 307.052 GC heap before
{Heap before GC invocations=52 (full 0):
 garbage-first heap   total 372736K, used 298894K [0x0000000780000000, 0x0000000800000000)
  region size 1024K, 99 young (101376K), 1 survivors (1024K)
 Metaspace       used 113458K, capacity 117240K, committed 117424K, reserved 1150976K
  class space    used 14443K, capacity 15774K, committed 15872K, reserved 1048576K
}
Event: 307.075 GC heap after
{Heap after GC invocations=53 (full 0):
 garbage-first heap   total 372736K, used 208207K [0x0000000780000000, 0x0000000800000000)
  region size 1024K, 9 young (9216K), 9 survivors (9216K)
 Metaspace       used 113458K, capacity 117240K, committed 117424K, reserved 1150976K
  class space    used 14443K, capacity 15774K, committed 15872K, reserved 1048576K
}
Event: 322.859 GC heap before
{Heap before GC invocations=54 (full 0):
 garbage-first heap   total 372736K, used 302415K [0x0000000780000000, 0x0000000800000000)
  region size 1024K, 102 young (104448K), 9 survivors (9216K)
 Metaspace       used 113698K, capacity 117389K, committed 117680K, reserved 1150976K
  class space    used 14454K, capacity 15792K, committed 15872K, reserved 1048576K
}
Event: 322.869 GC heap after
{Heap after GC invocations=55 (full 0):
 garbage-first heap   total 372736K, used 203327K [0x0000000780000000, 0x0000000800000000)
  region size 1024K, 3 young (3072K), 3 survivors (3072K)
 Metaspace       used 113698K, capacity 117389K, committed 117680K, reserved 1150976K
  class space    used 14454K, capacity 15792K, committed 15872K, reserved 1048576K
}
Event: 324.303 GC heap before
{Heap before GC invocations=55 (full 0):
 garbage-first heap   total 372736K, used 303679K [0x0000000780000000, 0x0000000800000000)
  region size 1024K, 102 young (104448K), 3 survivors (3072K)
 Metaspace       used 114012K, capacity 117772K, committed 117936K, reserved 1150976K
  class space    used 14466K, capacity 15813K, committed 15872K, reserved 1048576K
}
Event: 324.319 GC heap after
{Heap after GC invocations=56 (full 0):
 garbage-first heap   total 372736K, used 209969K [0x0000000780000000, 0x0000000800000000)
  region size 1024K, 10 young (10240K), 10 survivors (10240K)
 Metaspace       used 114012K, capacity 117772K, committed 117936K, reserved 1150976K
  class space    used 14466K, capacity 15813K, committed 15872K, reserved 1048576K
}
Event: 326.845 GC heap before
{Heap before GC invocations=56 (full 0):
 garbage-first heap   total 372736K, used 315441K [0x0000000780000000, 0x0000000800000000)
  region size 1024K, 106 young (108544K), 10 survivors (10240K)
 Metaspace       used 118034K, capacity 121958K, committed 122160K, reserved 1155072K
  class space    used 14876K, capacity 16256K, committed 16256K, reserved 1048576K
}
Event: 326.865 GC heap after
{Heap after GC invocations=57 (full 0):
 garbage-first heap   total 372736K, used 219256K [0x0000000780000000, 0x0000000800000000)
  region size 1024K, 7 young (7168K), 7 survivors (7168K)
 Metaspace       used 118034K, capacity 121958K, committed 122160K, reserved 1155072K
  class space    used 14876K, capacity 16256K, committed 16256K, reserved 1048576K
}
Event: 328.833 GC heap before
{Heap before GC invocations=57 (full 0):
 garbage-first heap   total 372736K, used 316536K [0x0000000780000000, 0x0000000800000000)
  region size 1024K, 97 young (99328K), 7 survivors (7168K)
 Metaspace       used 123371K, capacity 127362K, committed 127664K, reserved 1161216K
  class space    used 15416K, capacity 16817K, committed 16896K, reserved 1048576K
}
Event: 328.862 GC heap after
{Heap after GC invocations=58 (full 0):
 garbage-first heap   total 372736K, used 243328K [0x0000000780000000, 0x0000000800000000)
  region size 1024K, 13 young (13312K), 13 survivors (13312K)
 Metaspace       used 123371K, capacity 127362K, committed 127664K, reserved 1161216K
  class space    used 15416K, capacity 16817K, committed 16896K, reserved 1048576K
}

