# JRE version: OpenJDK Runtime Environment (11.0.13) (build 11.0.13+0-b1751.21-8125866)
# Java VM: OpenJDK 64-Bit Server VM (11.0.13+0-b1751.21-8125866, mixed mode, tiered, compressed oops, g1 gc, bsd-amd64)
Heap:
 garbage-first heap   total 315392K, used 239104K [0x0000000780000000, 0x0000000800000000)
  region size 1024K, 141 young (144384K), 10 survivors (10240K)
 Metaspace       used 89598K, capacity 91899K, committed 92240K, reserved 1128448K
  class space    used 11546K, capacity 12409K, committed 12492K, reserved 1048576K
GC Heap History (20 events):
Event: 5.044 GC heap after
{Heap after GC invocations=5 (full 0):
 garbage-first heap   total 262144K, used 18870K [0x0000000780000000, 0x0000000800000000)
  region size 1024K, 3 young (3072K), 3 survivors (3072K)
 Metaspace       used 26641K, capacity 27238K, committed 27516K, reserved 1073152K
  class space    used 3442K, capacity 3663K, committed 3788K, reserved 1048576K
}
Event: 6.505 GC heap before
{Heap before GC invocations=5 (full 0):
 garbage-first heap   total 262144K, used 76214K [0x0000000780000000, 0x0000000800000000)
  region size 1024K, 60 young (61440K), 3 survivors (3072K)
 Metaspace       used 35046K, capacity 35803K, committed 35964K, reserved 1081344K
  class space    used 4501K, capacity 4797K, committed 4812K, reserved 1048576K
}
Event: 6.516 GC heap after
{Heap after GC invocations=6 (full 0):
 garbage-first heap   total 262144K, used 22313K [0x0000000780000000, 0x0000000800000000)
  region size 1024K, 6 young (6144K), 6 survivors (6144K)
 Metaspace       used 35046K, capacity 35803K, committed 35964K, reserved 1081344K
  class space    used 4501K, capacity 4797K, committed 4812K, reserved 1048576K
}
Event: 8.622 GC heap before
{Heap before GC invocations=7 (full 0):
 garbage-first heap   total 262144K, used 131881K [0x0000000780000000, 0x0000000800000000)
  region size 1024K, 109 young (111616K), 6 survivors (6144K)
 Metaspace       used 43764K, capacity 44907K, committed 45308K, reserved 1089536K
  class space    used 5501K, capacity 5878K, committed 5964K, reserved 1048576K
}
Event: 8.649 GC heap after
{Heap after GC invocations=8 (full 0):
 garbage-first heap   total 262144K, used 29143K [0x0000000780000000, 0x0000000800000000)
  region size 1024K, 13 young (13312K), 13 survivors (13312K)
 Metaspace       used 43764K, capacity 44907K, committed 45308K, reserved 1089536K
  class space    used 5501K, capacity 5878K, committed 5964K, reserved 1048576K
}
Event: 11.060 GC heap before
{Heap before GC invocations=8 (full 0):
 garbage-first heap   total 262144K, used 154071K [0x0000000780000000, 0x0000000800000000)
  region size 1024K, 125 young (128000K), 13 survivors (13312K)
 Metaspace       used 48977K, capacity 50471K, committed 50684K, reserved 1093632K
  class space    used 6188K, capacity 6695K, committed 6732K, reserved 1048576K
}
Event: 11.096 GC heap after
{Heap after GC invocations=9 (full 0):
 garbage-first heap   total 262144K, used 51938K [0x0000000780000000, 0x0000000800000000)
  region size 1024K, 16 young (16384K), 16 survivors (16384K)
 Metaspace       used 48977K, capacity 50471K, committed 50684K, reserved 1093632K
  class space    used 6188K, capacity 6695K, committed 6732K, reserved 1048576K
}
Event: 13.228 GC heap before
{Heap before GC invocations=9 (full 0):
 garbage-first heap   total 262144K, used 128738K [0x0000000780000000, 0x0000000800000000)
  region size 1024K, 92 young (94208K), 16 survivors (16384K)
 Metaspace       used 58607K, capacity 60189K, committed 60368K, reserved 1101824K
  class space    used 7393K, capacity 7968K, committed 8012K, reserved 1048576K
}
Event: 13.270 GC heap after
{Heap after GC invocations=10 (full 0):
 garbage-first heap   total 315392K, used 57267K [0x0000000780000000, 0x0000000800000000)
  region size 1024K, 4 young (4096K), 4 survivors (4096K)
 Metaspace       used 58607K, capacity 60189K, committed 60368K, reserved 1101824K
  class space    used 7393K, capacity 7968K, committed 8012K, reserved 1048576K
}
Event: 16.414 GC heap before
{Heap before GC invocations=11 (full 0):
 garbage-first heap   total 315392K, used 196531K [0x0000000780000000, 0x0000000800000000)
  region size 1024K, 133 young (136192K), 4 survivors (4096K)
 Metaspace       used 68328K, capacity 69990K, committed 70352K, reserved 1110016K
  class space    used 8605K, capacity 9208K, committed 9292K, reserved 1048576K
}
Event: 16.452 GC heap after
{Heap after GC invocations=12 (full 0):
 garbage-first heap   total 315392K, used 65459K [0x0000000780000000, 0x0000000800000000)
  region size 1024K, 12 young (12288K), 12 survivors (12288K)
 Metaspace       used 68328K, capacity 69990K, committed 70352K, reserved 1110016K
  class space    used 8605K, capacity 9208K, committed 9292K, reserved 1048576K
}
Event: 19.696 GC heap before
{Heap before GC invocations=13 (full 0):
 garbage-first heap   total 315392K, used 207795K [0x0000000780000000, 0x0000000800000000)
  region size 1024K, 151 young (154624K), 12 survivors (12288K)
 Metaspace       used 80002K, capacity 81856K, committed 82128K, reserved 1120256K
  class space    used 10342K, capacity 11024K, committed 11084K, reserved 1048576K
}
Event: 19.748 GC heap after
{Heap after GC invocations=14 (full 0):
 garbage-first heap   total 315392K, used 74277K [0x0000000780000000, 0x0000000800000000)
  region size 1024K, 18 young (18432K), 18 survivors (18432K)
 Metaspace       used 80002K, capacity 81856K, committed 82128K, reserved 1120256K
  class space    used 10342K, capacity 11024K, committed 11084K, reserved 1048576K
}
Event: 22.788 GC heap before
{Heap before GC invocations=14 (full 0):
 garbage-first heap   total 315392K, used 216613K [0x0000000780000000, 0x0000000800000000)
  region size 1024K, 157 young (160768K), 18 survivors (18432K)
 Metaspace       used 87990K, capacity 90173K, committed 90320K, reserved 1128448K
  class space    used 11429K, capacity 12248K, committed 12364K, reserved 1048576K
}
Event: 22.835 GC heap after
{Heap after GC invocations=15 (full 0):
 garbage-first heap   total 315392K, used 86622K [0x0000000780000000, 0x0000000800000000)
  region size 1024K, 20 young (20480K), 20 survivors (20480K)
 Metaspace       used 87990K, capacity 90173K, committed 90320K, reserved 1128448K
  class space    used 11429K, capacity 12248K, committed 12364K, reserved 1048576K
}
Event: 24.171 GC heap before
{Heap before GC invocations=15 (full 0):
 garbage-first heap   total 315392K, used 227934K [0x0000000780000000, 0x0000000800000000)
  region size 1024K, 158 young (161792K), 20 survivors (20480K)
 Metaspace       used 88517K, capacity 90731K, committed 91088K, reserved 1128448K
  class space    used 11463K, capacity 12269K, committed 12364K, reserved 1048576K
}
Event: 24.218 GC heap after
{Heap after GC invocations=16 (full 0):
 garbage-first heap   total 315392K, used 95744K [0x0000000780000000, 0x0000000800000000)
  region size 1024K, 12 young (12288K), 12 survivors (12288K)
 Metaspace       used 88517K, capacity 90731K, committed 91088K, reserved 1128448K
  class space    used 11463K, capacity 12269K, committed 12364K, reserved 1048576K
}
Event: 25.356 GC heap before
{Heap before GC invocations=16 (full 0):
 garbage-first heap   total 315392K, used 233984K [0x0000000780000000, 0x0000000800000000)
  region size 1024K, 148 young (151552K), 12 survivors (12288K)
 Metaspace       used 88950K, capacity 91278K, committed 91344K, reserved 1128448K
  class space    used 11480K, capacity 12315K, committed 12364K, reserved 1048576K
}
Event: 25.392 GC heap after
{Heap after GC invocations=17 (full 0):
 garbage-first heap   total 315392K, used 104960K [0x0000000780000000, 0x0000000800000000)
  region size 1024K, 13 young (13312K), 13 survivors (13312K)
 Metaspace       used 88950K, capacity 91278K, committed 91344K, reserved 1128448K
  class space    used 11480K, capacity 12315K, committed 12364K, reserved 1048576K
}
Event: 27.747 GC heap before
{Heap before GC invocations=17 (full 0):
 garbage-first heap   total 315392K, used 238080K [0x0000000780000000, 0x0000000800000000)
  region size 1024K, 144 young (147456K), 13 survivors (13312K)
 Metaspace       used 89598K, capacity 91899K, committed 92240K, reserved 1128448K
  class space    used 11546K, capacity 12409K, committed 12492K, reserved 1048576K
}

