# JRE version: OpenJDK Runtime Environment (11.0.13) (build 11.0.13+0-b1751.21-8125866)
# Java VM: OpenJDK 64-Bit Server VM (11.0.13+0-b1751.21-8125866, mixed mode, tiered, compressed oops, g1 gc, bsd-amd64)
Heap:
 garbage-first heap   total 452608K, used 176426K [0x0000000780000000, 0x0000000800000000)
  region size 1024K, 9 young (9216K), 1 survivors (1024K)
 Metaspace       used 148136K, capacity 152203K, committed 152604K, reserved 1181696K
  class space    used 18202K, capacity 19711K, committed 19864K, reserved 1048576K
GC Heap History (20 events):
Event: 79.626 GC heap before
{Heap before GC invocations=54 (full 0):
 garbage-first heap   total 452608K, used 289944K [0x0000000780000000, 0x0000000800000000)
  region size 1024K, 22 young (22528K), 5 survivors (5120K)
 Metaspace       used 131761K, capacity 134896K, committed 135196K, reserved 1167360K
  class space    used 16059K, capacity 17251K, committed 17304K, reserved 1048576K
}
Event: 79.667 GC heap after
{Heap after GC invocations=55 (full 0):
 garbage-first heap   total 452608K, used 264640K [0x0000000780000000, 0x0000000800000000)
  region size 1024K, 3 young (3072K), 3 survivors (3072K)
 Metaspace       used 131761K, capacity 134896K, committed 135196K, reserved 1167360K
  class space    used 16059K, capacity 17251K, committed 17304K, reserved 1048576K
}
Event: 80.086 GC heap before
{Heap before GC invocations=55 (full 0):
 garbage-first heap   total 452608K, used 288192K [0x0000000780000000, 0x0000000800000000)
  region size 1024K, 28 young (28672K), 3 survivors (3072K)
 Metaspace       used 132609K, capacity 135926K, committed 136092K, reserved 1167360K
  class space    used 16169K, capacity 17335K, committed 17432K, reserved 1048576K
}
Event: 80.117 GC heap after
{Heap after GC invocations=56 (full 0):
 garbage-first heap   total 452608K, used 270942K [0x0000000780000000, 0x0000000800000000)
  region size 1024K, 10 young (10240K), 10 survivors (10240K)
 Metaspace       used 132609K, capacity 135926K, committed 136092K, reserved 1167360K
  class space    used 16169K, capacity 17335K, committed 17432K, reserved 1048576K
}
Event: 81.351 GC heap before
{Heap before GC invocations=57 (full 0):
 garbage-first heap   total 452608K, used 248414K [0x0000000780000000, 0x0000000800000000)
  region size 1024K, 71 young (72704K), 10 survivors (10240K)
 Metaspace       used 133660K, capacity 137046K, committed 137244K, reserved 1169408K
  class space    used 16288K, capacity 17518K, committed 17560K, reserved 1048576K
}
Event: 81.371 GC heap after
{Heap after GC invocations=58 (full 0):
 garbage-first heap   total 452608K, used 188075K [0x0000000780000000, 0x0000000800000000)
  region size 1024K, 4 young (4096K), 4 survivors (4096K)
 Metaspace       used 133660K, capacity 137046K, committed 137244K, reserved 1169408K
  class space    used 16288K, capacity 17518K, committed 17560K, reserved 1048576K
}
Event: 81.593 GC heap before
{Heap before GC invocations=58 (full 0):
 garbage-first heap   total 452608K, used 209579K [0x0000000780000000, 0x0000000800000000)
  region size 1024K, 22 young (22528K), 4 survivors (4096K)
 Metaspace       used 134169K, capacity 137549K, committed 137884K, reserved 1169408K
  class space    used 16363K, capacity 17594K, committed 17688K, reserved 1048576K
}
Event: 81.615 GC heap after
{Heap after GC invocations=59 (full 0):
 garbage-first heap   total 452608K, used 156740K [0x0000000780000000, 0x0000000800000000)
  region size 1024K, 2 young (2048K), 2 survivors (2048K)
 Metaspace       used 134169K, capacity 137549K, committed 137884K, reserved 1169408K
  class space    used 16363K, capacity 17594K, committed 17688K, reserved 1048576K
}
Event: 83.097 GC heap before
{Heap before GC invocations=59 (full 0):
 garbage-first heap   total 452608K, used 268356K [0x0000000780000000, 0x0000000800000000)
  region size 1024K, 112 young (114688K), 2 survivors (2048K)
 Metaspace       used 144236K, capacity 148232K, committed 148380K, reserved 1177600K
  class space    used 17886K, capacity 19386K, committed 19480K, reserved 1048576K
}
Event: 83.131 GC heap after
{Heap after GC invocations=60 (full 0):
 garbage-first heap   total 452608K, used 172028K [0x0000000780000000, 0x0000000800000000)
  region size 1024K, 14 young (14336K), 14 survivors (14336K)
 Metaspace       used 144236K, capacity 148232K, committed 148380K, reserved 1177600K
  class space    used 17886K, capacity 19386K, committed 19480K, reserved 1048576K
}
Event: 84.770 GC heap before
{Heap before GC invocations=61 (full 0):
 garbage-first heap   total 452608K, used 291836K [0x0000000780000000, 0x0000000800000000)
  region size 1024K, 131 young (134144K), 14 survivors (14336K)
 Metaspace       used 146173K, capacity 150148K, committed 150428K, reserved 1179648K
  class space    used 18097K, capacity 19651K, committed 19736K, reserved 1048576K
}
Event: 84.797 GC heap after
{Heap after GC invocations=62 (full 0):
 garbage-first heap   total 452608K, used 174354K [0x0000000780000000, 0x0000000800000000)
  region size 1024K, 4 young (4096K), 4 survivors (4096K)
 Metaspace       used 146173K, capacity 150148K, committed 150428K, reserved 1179648K
  class space    used 18097K, capacity 19651K, committed 19736K, reserved 1048576K
}
Event: 85.034 GC heap before
{Heap before GC invocations=62 (full 0):
 garbage-first heap   total 452608K, used 191762K [0x0000000780000000, 0x0000000800000000)
  region size 1024K, 22 young (22528K), 4 survivors (4096K)
 Metaspace       used 146468K, capacity 150509K, committed 150684K, reserved 1179648K
  class space    used 18120K, capacity 19663K, committed 19736K, reserved 1048576K
}
Event: 85.072 GC heap after
{Heap after GC invocations=63 (full 0):
 garbage-first heap   total 452608K, used 174026K [0x0000000780000000, 0x0000000800000000)
  region size 1024K, 3 young (3072K), 3 survivors (3072K)
 Metaspace       used 146468K, capacity 150509K, committed 150684K, reserved 1179648K
  class space    used 18120K, capacity 19663K, committed 19736K, reserved 1048576K
}
Event: 85.179 GC heap before
{Heap before GC invocations=63 (full 0):
 garbage-first heap   total 452608K, used 180170K [0x0000000780000000, 0x0000000800000000)
  region size 1024K, 10 young (10240K), 3 survivors (3072K)
 Metaspace       used 146625K, capacity 150670K, committed 150940K, reserved 1181696K
  class space    used 18132K, capacity 19674K, committed 19736K, reserved 1048576K
}
Event: 85.188 GC heap after
{Heap after GC invocations=64 (full 0):
 garbage-first heap   total 452608K, used 173376K [0x0000000780000000, 0x0000000800000000)
  region size 1024K, 3 young (3072K), 3 survivors (3072K)
 Metaspace       used 146625K, capacity 150670K, committed 150940K, reserved 1181696K
  class space    used 18132K, capacity 19674K, committed 19736K, reserved 1048576K
}
Event: 86.980 GC heap before
{Heap before GC invocations=65 (full 0):
 garbage-first heap   total 452608K, used 282944K [0x0000000780000000, 0x0000000800000000)
  region size 1024K, 111 young (113664K), 3 survivors (3072K)
 Metaspace       used 147555K, capacity 151588K, committed 152092K, reserved 1181696K
  class space    used 18135K, capacity 19668K, committed 19864K, reserved 1048576K
}
Event: 86.988 GC heap after
{Heap after GC invocations=66 (full 0):
 garbage-first heap   total 452608K, used 171374K [0x0000000780000000, 0x0000000800000000)
  region size 1024K, 3 young (3072K), 3 survivors (3072K)
 Metaspace       used 147555K, capacity 151588K, committed 152092K, reserved 1181696K
  class space    used 18135K, capacity 19668K, committed 19864K, reserved 1048576K
}
Event: 87.180 GC heap before
{Heap before GC invocations=66 (full 0):
 garbage-first heap   total 452608K, used 189806K [0x0000000780000000, 0x0000000800000000)
  region size 1024K, 22 young (22528K), 3 survivors (3072K)
 Metaspace       used 147756K, capacity 151760K, committed 152092K, reserved 1181696K
  class space    used 18149K, capacity 19672K, committed 19864K, reserved 1048576K
}
Event: 87.192 GC heap after
{Heap after GC invocations=67 (full 0):
 garbage-first heap   total 452608K, used 169258K [0x0000000780000000, 0x0000000800000000)
  region size 1024K, 1 young (1024K), 1 survivors (1024K)
 Metaspace       used 147756K, capacity 151760K, committed 152092K, reserved 1181696K
  class space    used 18149K, capacity 19672K, committed 19864K, reserved 1048576K
}

