# JRE version: OpenJDK Runtime Environment (11.0.13) (build 11.0.13+0-b1751.21-8125866)
# Java VM: OpenJDK 64-Bit Server VM (11.0.13+0-b1751.21-8125866, mixed mode, tiered, compressed oops, g1 gc, bsd-amd64)
Heap:
 garbage-first heap   total 399360K, used 221184K [0x0000000700000000, 0x0000000800000000)
  region size 1024K, 122 young (124928K), 5 survivors (5120K)
 Metaspace       used 69257K, capacity 70146K, committed 70912K, reserved 1112064K
  class space    used 7484K, capacity 7852K, committed 7936K, reserved 1048576K
GC Heap History (20 events):
Event: 2.361 GC heap after
{Heap after GC invocations=2 (full 0):
 garbage-first heap   total 262144K, used 10679K [0x0000000700000000, 0x0000000800000000)
  region size 1024K, 7 young (7168K), 7 survivors (7168K)
 Metaspace       used 20740K, capacity 20996K, committed 21248K, reserved 1069056K
  class space    used 2194K, capacity 2301K, committed 2304K, reserved 1048576K
}
Event: 3.835 GC heap before
{Heap before GC invocations=3 (full 0):
 garbage-first heap   total 262144K, used 75191K [0x0000000700000000, 0x0000000800000000)
  region size 1024K, 64 young (65536K), 7 survivors (7168K)
 Metaspace       used 32052K, capacity 32554K, committed 33024K, reserved 1079296K
  class space    used 3772K, capacity 3995K, committed 4096K, reserved 1048576K
}
Event: 3.854 GC heap after
{Heap after GC invocations=4 (full 0):
 garbage-first heap   total 262144K, used 24588K [0x0000000700000000, 0x0000000800000000)
  region size 1024K, 8 young (8192K), 8 survivors (8192K)
 Metaspace       used 32052K, capacity 32554K, committed 33024K, reserved 1079296K
  class space    used 3772K, capacity 3995K, committed 4096K, reserved 1048576K
}
Event: 4.057 GC heap before
{Heap before GC invocations=4 (full 0):
 garbage-first heap   total 262144K, used 29708K [0x0000000700000000, 0x0000000800000000)
  region size 1024K, 13 young (13312K), 8 survivors (8192K)
 Metaspace       used 32416K, capacity 32940K, committed 33536K, reserved 1079296K
  class space    used 3797K, capacity 3995K, committed 4096K, reserved 1048576K
}
Event: 4.071 GC heap after
{Heap after GC invocations=5 (full 0):
 garbage-first heap   total 262144K, used 26955K [0x0000000700000000, 0x0000000800000000)
  region size 1024K, 2 young (2048K), 2 survivors (2048K)
 Metaspace       used 32416K, capacity 32940K, committed 33536K, reserved 1079296K
  class space    used 3797K, capacity 3995K, committed 4096K, reserved 1048576K
}
Event: 4.279 GC heap before
{Heap before GC invocations=5 (full 0):
 garbage-first heap   total 262144K, used 35147K [0x0000000700000000, 0x0000000800000000)
  region size 1024K, 11 young (11264K), 2 survivors (2048K)
 Metaspace       used 34907K, capacity 35410K, committed 35840K, reserved 1081344K
  class space    used 4285K, capacity 4477K, committed 4480K, reserved 1048576K
}
Event: 4.282 GC heap after
{Heap after GC invocations=6 (full 0):
 garbage-first heap   total 262144K, used 26489K [0x0000000700000000, 0x0000000800000000)
  region size 1024K, 2 young (2048K), 2 survivors (2048K)
 Metaspace       used 34907K, capacity 35410K, committed 35840K, reserved 1081344K
  class space    used 4285K, capacity 4477K, committed 4480K, reserved 1048576K
}
Event: 5.245 GC heap before
{Heap before GC invocations=7 (full 0):
 garbage-first heap   total 262144K, used 73593K [0x0000000700000000, 0x0000000800000000)
  region size 1024K, 48 young (49152K), 2 survivors (2048K)
 Metaspace       used 43489K, capacity 44036K, committed 44800K, reserved 1089536K
  class space    used 5105K, capacity 5323K, committed 5376K, reserved 1048576K
}
Event: 5.256 GC heap after
{Heap after GC invocations=8 (full 0):
 garbage-first heap   total 262144K, used 29437K [0x0000000700000000, 0x0000000800000000)
  region size 1024K, 6 young (6144K), 6 survivors (6144K)
 Metaspace       used 43489K, capacity 44036K, committed 44800K, reserved 1089536K
  class space    used 5105K, capacity 5323K, committed 5376K, reserved 1048576K
}
Event: 7.620 GC heap before
{Heap before GC invocations=9 (full 0):
 garbage-first heap   total 262144K, used 93949K [0x0000000700000000, 0x0000000800000000)
  region size 1024K, 67 young (68608K), 6 survivors (6144K)
 Metaspace       used 50898K, capacity 51544K, committed 52224K, reserved 1095680K
  class space    used 5862K, capacity 6105K, committed 6144K, reserved 1048576K
}
Event: 7.652 GC heap after
{Heap after GC invocations=10 (full 0):
 garbage-first heap   total 315392K, used 45397K [0x0000000700000000, 0x0000000800000000)
  region size 1024K, 9 young (9216K), 9 survivors (9216K)
 Metaspace       used 50898K, capacity 51544K, committed 52224K, reserved 1095680K
  class space    used 5862K, capacity 6105K, committed 6144K, reserved 1048576K
}
Event: 9.747 GC heap before
{Heap before GC invocations=10 (full 0):
 garbage-first heap   total 315392K, used 119125K [0x0000000700000000, 0x0000000800000000)
  region size 1024K, 78 young (79872K), 9 survivors (9216K)
 Metaspace       used 54951K, capacity 55632K, committed 56448K, reserved 1099776K
  class space    used 6207K, capacity 6472K, committed 6528K, reserved 1048576K
}
Event: 9.783 GC heap after
{Heap after GC invocations=11 (full 0):
 garbage-first heap   total 315392K, used 58764K [0x0000000700000000, 0x0000000800000000)
  region size 1024K, 10 young (10240K), 10 survivors (10240K)
 Metaspace       used 54951K, capacity 55632K, committed 56448K, reserved 1099776K
  class space    used 6207K, capacity 6472K, committed 6528K, reserved 1048576K
}
Event: 11.902 GC heap before
{Heap before GC invocations=11 (full 0):
 garbage-first heap   total 315392K, used 110988K [0x0000000700000000, 0x0000000800000000)
  region size 1024K, 61 young (62464K), 10 survivors (10240K)
 Metaspace       used 60236K, capacity 60943K, committed 61696K, reserved 1103872K
  class space    used 6750K, capacity 7064K, committed 7168K, reserved 1048576K
}
Event: 11.939 GC heap after
{Heap after GC invocations=12 (full 0):
 garbage-first heap   total 315392K, used 68460K [0x0000000700000000, 0x0000000800000000)
  region size 1024K, 8 young (8192K), 8 survivors (8192K)
 Metaspace       used 60236K, capacity 60943K, committed 61696K, reserved 1103872K
  class space    used 6750K, capacity 7064K, committed 7168K, reserved 1048576K
}
Event: 14.975 GC heap before
{Heap before GC invocations=12 (full 0):
 garbage-first heap   total 315392K, used 145260K [0x0000000700000000, 0x0000000800000000)
  region size 1024K, 83 young (84992K), 8 survivors (8192K)
 Metaspace       used 62529K, capacity 63289K, committed 64128K, reserved 1105920K
  class space    used 6877K, capacity 7179K, committed 7296K, reserved 1048576K
}
Event: 15.021 GC heap after
{Heap after GC invocations=13 (full 0):
 garbage-first heap   total 315392K, used 85504K [0x0000000700000000, 0x0000000800000000)
  region size 1024K, 11 young (11264K), 11 survivors (11264K)
 Metaspace       used 62529K, capacity 63289K, committed 64128K, reserved 1105920K
  class space    used 6877K, capacity 7179K, committed 7296K, reserved 1048576K
}
Event: 17.036 GC heap before
{Heap before GC invocations=13 (full 0):
 garbage-first heap   total 315392K, used 179712K [0x0000000700000000, 0x0000000800000000)
  region size 1024K, 103 young (105472K), 11 survivors (11264K)
 Metaspace       used 63762K, capacity 64551K, committed 65408K, reserved 1107968K
  class space    used 6949K, capacity 7254K, committed 7296K, reserved 1048576K
}
Event: 17.085 GC heap after
{Heap after GC invocations=14 (full 0):
 garbage-first heap   total 399360K, used 101376K [0x0000000700000000, 0x0000000800000000)
  region size 1024K, 13 young (13312K), 13 survivors (13312K)
 Metaspace       used 63762K, capacity 64551K, committed 65408K, reserved 1107968K
  class space    used 6949K, capacity 7254K, committed 7296K, reserved 1048576K
}
Event: 20.790 GC heap before
{Heap before GC invocations=14 (full 0):
 garbage-first heap   total 399360K, used 221184K [0x0000000700000000, 0x0000000800000000)
  region size 1024K, 130 young (133120K), 13 survivors (13312K)
 Metaspace       used 69257K, capacity 70146K, committed 70912K, reserved 1112064K
  class space    used 7484K, capacity 7852K, committed 7936K, reserved 1048576K
}

