# JRE version: OpenJDK Runtime Environment (11.0.13) (build 11.0.13+0-b1751.21-8125866)
# Java VM: OpenJDK 64-Bit Server VM (11.0.13+0-b1751.21-8125866, mixed mode, tiered, compressed oops, g1 gc, bsd-amd64)
Heap:
 garbage-first heap   total 315392K, used 190464K [0x0000000780000000, 0x0000000800000000)
  region size 1024K, 64 young (65536K), 8 survivors (8192K)
 Metaspace       used 95786K, capacity 98161K, committed 98496K, reserved 1134592K
  class space    used 12230K, capacity 13085K, committed 13184K, reserved 1048576K
GC Heap History (20 events):
Event: 6.224 GC heap before
{Heap before GC invocations=7 (full 0):
 garbage-first heap   total 262144K, used 82444K [0x0000000780000000, 0x0000000800000000)
  region size 1024K, 68 young (69632K), 6 survivors (6144K)
 Metaspace       used 35139K, capacity 35884K, committed 36048K, reserved 1081344K
  class space    used 4503K, capacity 4801K, committed 4864K, reserved 1048576K
}
Event: 6.242 GC heap after
{Heap after GC invocations=8 (full 0):
 garbage-first heap   total 262144K, used 23099K [0x0000000780000000, 0x0000000800000000)
  region size 1024K, 9 young (9216K), 9 survivors (9216K)
 Metaspace       used 35139K, capacity 35884K, committed 36048K, reserved 1081344K
  class space    used 4503K, capacity 4801K, committed 4864K, reserved 1048576K
}
Event: 8.323 GC heap before
{Heap before GC invocations=9 (full 0):
 garbage-first heap   total 262144K, used 154171K [0x0000000780000000, 0x0000000800000000)
  region size 1024K, 134 young (137216K), 9 survivors (9216K)
 Metaspace       used 45130K, capacity 46333K, committed 46544K, reserved 1089536K
  class space    used 5723K, capacity 6139K, committed 6144K, reserved 1048576K
}
Event: 8.355 GC heap after
{Heap after GC invocations=10 (full 0):
 garbage-first heap   total 262144K, used 31061K [0x0000000780000000, 0x0000000800000000)
  region size 1024K, 17 young (17408K), 17 survivors (17408K)
 Metaspace       used 45130K, capacity 46333K, committed 46544K, reserved 1089536K
  class space    used 5723K, capacity 6139K, committed 6144K, reserved 1048576K
}
Event: 10.797 GC heap before
{Heap before GC invocations=10 (full 0):
 garbage-first heap   total 262144K, used 180565K [0x0000000780000000, 0x0000000800000000)
  region size 1024K, 153 young (156672K), 17 survivors (17408K)
 Metaspace       used 54734K, capacity 56258K, committed 56400K, reserved 1097728K
  class space    used 6903K, capacity 7469K, committed 7552K, reserved 1048576K
}
Event: 10.854 GC heap after
{Heap after GC invocations=11 (full 0):
 garbage-first heap   total 262144K, used 54790K [0x0000000780000000, 0x0000000800000000)
  region size 1024K, 20 young (20480K), 20 survivors (20480K)
 Metaspace       used 54734K, capacity 56258K, committed 56400K, reserved 1097728K
  class space    used 6903K, capacity 7469K, committed 7552K, reserved 1048576K
}
Event: 11.492 GC heap before
{Heap before GC invocations=11 (full 0):
 garbage-first heap   total 262144K, used 86534K [0x0000000780000000, 0x0000000800000000)
  region size 1024K, 52 young (53248K), 20 survivors (20480K)
 Metaspace       used 58711K, capacity 60322K, committed 60496K, reserved 1101824K
  class space    used 7394K, capacity 7969K, committed 8064K, reserved 1048576K
}
Event: 11.526 GC heap after
{Heap after GC invocations=12 (full 0):
 garbage-first heap   total 315392K, used 58713K [0x0000000780000000, 0x0000000800000000)
  region size 1024K, 3 young (3072K), 3 survivors (3072K)
 Metaspace       used 58711K, capacity 60322K, committed 60496K, reserved 1101824K
  class space    used 7394K, capacity 7969K, committed 8064K, reserved 1048576K
}
Event: 13.786 GC heap before
{Heap before GC invocations=13 (full 0):
 garbage-first heap   total 315392K, used 182617K [0x0000000780000000, 0x0000000800000000)
  region size 1024K, 116 young (118784K), 3 survivors (3072K)
 Metaspace       used 68185K, capacity 69892K, committed 70208K, reserved 1110016K
  class space    used 8574K, capacity 9175K, committed 9216K, reserved 1048576K
}
Event: 13.804 GC heap after
{Heap after GC invocations=14 (full 0):
 garbage-first heap   total 315392K, used 65881K [0x0000000780000000, 0x0000000800000000)
  region size 1024K, 10 young (10240K), 10 survivors (10240K)
 Metaspace       used 68185K, capacity 69892K, committed 70208K, reserved 1110016K
  class space    used 8574K, capacity 9175K, committed 9216K, reserved 1048576K
}
Event: 15.623 GC heap before
{Heap before GC invocations=15 (full 0):
 garbage-first heap   total 315392K, used 172377K [0x0000000780000000, 0x0000000800000000)
  region size 1024K, 114 young (116736K), 10 survivors (10240K)
 Metaspace       used 75682K, capacity 77364K, committed 77760K, reserved 1116160K
  class space    used 9746K, capacity 10353K, committed 10368K, reserved 1048576K
}
Event: 15.655 GC heap after
{Heap after GC invocations=16 (full 0):
 garbage-first heap   total 315392K, used 72611K [0x0000000780000000, 0x0000000800000000)
  region size 1024K, 7 young (7168K), 7 survivors (7168K)
 Metaspace       used 75682K, capacity 77364K, committed 77760K, reserved 1116160K
  class space    used 9746K, capacity 10353K, committed 10368K, reserved 1048576K
}
Event: 18.733 GC heap before
{Heap before GC invocations=16 (full 0):
 garbage-first heap   total 315392K, used 199587K [0x0000000780000000, 0x0000000800000000)
  region size 1024K, 131 young (134144K), 7 survivors (7168K)
 Metaspace       used 86538K, capacity 88606K, committed 88768K, reserved 1126400K
  class space    used 11291K, capacity 12047K, committed 12160K, reserved 1048576K
}
Event: 18.767 GC heap after
{Heap after GC invocations=17 (full 0):
 garbage-first heap   total 315392K, used 80803K [0x0000000780000000, 0x0000000800000000)
  region size 1024K, 15 young (15360K), 15 survivors (15360K)
 Metaspace       used 86538K, capacity 88606K, committed 88768K, reserved 1126400K
  class space    used 11291K, capacity 12047K, committed 12160K, reserved 1048576K
}
Event: 20.581 GC heap before
{Heap before GC invocations=17 (full 0):
 garbage-first heap   total 315392K, used 208803K [0x0000000780000000, 0x0000000800000000)
  region size 1024K, 141 young (144384K), 15 survivors (15360K)
 Metaspace       used 88140K, capacity 90272K, committed 90432K, reserved 1128448K
  class space    used 11414K, capacity 12213K, committed 12288K, reserved 1048576K
}
Event: 20.621 GC heap after
{Heap after GC invocations=18 (full 0):
 garbage-first heap   total 315392K, used 90907K [0x0000000780000000, 0x0000000800000000)
  region size 1024K, 18 young (18432K), 18 survivors (18432K)
 Metaspace       used 88140K, capacity 90272K, committed 90432K, reserved 1128448K
  class space    used 11414K, capacity 12213K, committed 12288K, reserved 1048576K
}
Event: 22.186 GC heap before
{Heap before GC invocations=18 (full 0):
 garbage-first heap   total 315392K, used 223003K [0x0000000780000000, 0x0000000800000000)
  region size 1024K, 144 young (147456K), 18 survivors (18432K)
 Metaspace       used 90435K, capacity 92679K, committed 92992K, reserved 1130496K
  class space    used 11627K, capacity 12430K, committed 12544K, reserved 1048576K
}
Event: 22.260 GC heap after
{Heap after GC invocations=19 (full 0):
 garbage-first heap   total 315392K, used 127813K [0x0000000780000000, 0x0000000800000000)
  region size 1024K, 18 young (18432K), 18 survivors (18432K)
 Metaspace       used 90435K, capacity 92679K, committed 92992K, reserved 1130496K
  class space    used 11627K, capacity 12430K, committed 12544K, reserved 1048576K
}
Event: 24.000 GC heap before
{Heap before GC invocations=19 (full 0):
 garbage-first heap   total 315392K, used 251717K [0x0000000780000000, 0x0000000800000000)
  region size 1024K, 108 young (110592K), 18 survivors (18432K)
 Metaspace       used 95535K, capacity 97798K, committed 97856K, reserved 1134592K
  class space    used 12203K, capacity 13052K, committed 13056K, reserved 1048576K
}
Event: 24.062 GC heap after
{Heap after GC invocations=20 (full 0):
 garbage-first heap   total 315392K, used 135168K [0x0000000780000000, 0x0000000800000000)
  region size 1024K, 8 young (8192K), 8 survivors (8192K)
 Metaspace       used 95535K, capacity 97798K, committed 97856K, reserved 1134592K
  class space    used 12203K, capacity 13052K, committed 13056K, reserved 1048576K
}

