# JRE version: OpenJDK Runtime Environment (11.0.13) (build 11.0.13+0-b1751.21-8125866)
# Java VM: OpenJDK 64-Bit Server VM (11.0.13+0-b1751.21-8125866, mixed mode, tiered, compressed oops, g1 gc, bsd-amd64)
Heap:
 garbage-first heap   total 315392K, used 115114K [0x0000000700000000, 0x0000000800000000)
  region size 1024K, 64 young (65536K), 9 survivors (9216K)
 Metaspace       used 60477K, capacity 61210K, committed 62156K, reserved 1103872K
  class space    used 6751K, capacity 7066K, committed 7116K, reserved 1048576K
GC Heap History (17 events):
Event: 1.356 GC heap before
{Heap before GC invocations=0 (full 0):
 garbage-first heap   total 262144K, used 18432K [0x0000000700000000, 0x0000000800000000)
  region size 1024K, 14 young (14336K), 0 survivors (0K)
 Metaspace       used 9906K, capacity 9970K, committed 10112K, reserved 1058816K
  class space    used 826K, capacity 853K, committed 896K, reserved 1048576K
}
Event: 1.360 GC heap after
{Heap after GC invocations=1 (full 0):
 garbage-first heap   total 262144K, used 6456K [0x0000000700000000, 0x0000000800000000)
  region size 1024K, 2 young (2048K), 2 survivors (2048K)
 Metaspace       used 9906K, capacity 9970K, committed 10112K, reserved 1058816K
  class space    used 826K, capacity 853K, committed 896K, reserved 1048576K
}
Event: 3.669 GC heap before
{Heap before GC invocations=1 (full 0):
 garbage-first heap   total 262144K, used 64824K [0x0000000700000000, 0x0000000800000000)
  region size 1024K, 60 young (61440K), 2 survivors (2048K)
 Metaspace       used 20772K, capacity 20996K, committed 21248K, reserved 1069056K
  class space    used 2191K, capacity 2301K, committed 2304K, reserved 1048576K
}
Event: 3.690 GC heap after
{Heap after GC invocations=2 (full 0):
 garbage-first heap   total 262144K, used 10541K [0x0000000700000000, 0x0000000800000000)
  region size 1024K, 6 young (6144K), 6 survivors (6144K)
 Metaspace       used 20772K, capacity 20996K, committed 21248K, reserved 1069056K
  class space    used 2191K, capacity 2301K, committed 2304K, reserved 1048576K
}
Event: 7.581 GC heap before
{Heap before GC invocations=3 (full 0):
 garbage-first heap   total 262144K, used 74029K [0x0000000700000000, 0x0000000800000000)
  region size 1024K, 62 young (63488K), 6 survivors (6144K)
 Metaspace       used 32002K, capacity 32522K, committed 33152K, reserved 1079296K
  class space    used 3755K, capacity 3963K, committed 3968K, reserved 1048576K
}
Event: 7.617 GC heap after
{Heap after GC invocations=4 (full 0):
 garbage-first heap   total 262144K, used 24443K [0x0000000700000000, 0x0000000800000000)
  region size 1024K, 8 young (8192K), 8 survivors (8192K)
 Metaspace       used 32002K, capacity 32522K, committed 33152K, reserved 1079296K
  class space    used 3755K, capacity 3963K, committed 3968K, reserved 1048576K
}
Event: 7.973 GC heap before
{Heap before GC invocations=4 (full 0):
 garbage-first heap   total 262144K, used 28539K [0x0000000700000000, 0x0000000800000000)
  region size 1024K, 12 young (12288K), 8 survivors (8192K)
 Metaspace       used 32435K, capacity 32940K, committed 33536K, reserved 1079296K
  class space    used 3795K, capacity 3995K, committed 4096K, reserved 1048576K
}
Event: 7.991 GC heap after
{Heap after GC invocations=5 (full 0):
 garbage-first heap   total 262144K, used 26624K [0x0000000700000000, 0x0000000800000000)
  region size 1024K, 2 young (2048K), 2 survivors (2048K)
 Metaspace       used 32435K, capacity 32940K, committed 33536K, reserved 1079296K
  class space    used 3795K, capacity 3995K, committed 4096K, reserved 1048576K
}
Event: 8.773 GC heap before
{Heap before GC invocations=5 (full 0):
 garbage-first heap   total 262144K, used 35840K [0x0000000700000000, 0x0000000800000000)
  region size 1024K, 12 young (12288K), 2 survivors (2048K)
 Metaspace       used 34845K, capacity 35346K, committed 35840K, reserved 1081344K
  class space    used 4266K, capacity 4477K, committed 4480K, reserved 1048576K
}
Event: 8.777 GC heap after
{Heap after GC invocations=6 (full 0):
 garbage-first heap   total 262144K, used 26268K [0x0000000700000000, 0x0000000800000000)
  region size 1024K, 2 young (2048K), 2 survivors (2048K)
 Metaspace       used 34845K, capacity 35346K, committed 35840K, reserved 1081344K
  class space    used 4266K, capacity 4477K, committed 4480K, reserved 1048576K
}
Event: 13.036 GC heap before
{Heap before GC invocations=7 (full 0):
 garbage-first heap   total 262144K, used 77468K [0x0000000700000000, 0x0000000800000000)
  region size 1024K, 52 young (53248K), 2 survivors (2048K)
 Metaspace       used 44849K, capacity 45355K, committed 46284K, reserved 1089536K
  class space    used 5247K, capacity 5485K, committed 5580K, reserved 1048576K
}
Event: 13.065 GC heap after
{Heap after GC invocations=8 (full 0):
 garbage-first heap   total 262144K, used 29500K [0x0000000700000000, 0x0000000800000000)
  region size 1024K, 7 young (7168K), 7 survivors (7168K)
 Metaspace       used 44849K, capacity 45355K, committed 46284K, reserved 1089536K
  class space    used 5247K, capacity 5485K, committed 5580K, reserved 1048576K
}
Event: 20.744 GC heap before
{Heap before GC invocations=9 (full 0):
 garbage-first heap   total 262144K, used 96060K [0x0000000700000000, 0x0000000800000000)
  region size 1024K, 69 young (70656K), 7 survivors (7168K)
 Metaspace       used 51016K, capacity 51607K, committed 52556K, reserved 1095680K
  class space    used 5863K, capacity 6105K, committed 6220K, reserved 1048576K
}
Event: 20.788 GC heap after
{Heap after GC invocations=10 (full 0):
 garbage-first heap   total 315392K, used 46144K [0x0000000700000000, 0x0000000800000000)
  region size 1024K, 9 young (9216K), 9 survivors (9216K)
 Metaspace       used 51016K, capacity 51607K, committed 52556K, reserved 1095680K
  class space    used 5863K, capacity 6105K, committed 6220K, reserved 1048576K
}
Event: 25.483 GC heap before
{Heap before GC invocations=10 (full 0):
 garbage-first heap   total 315392K, used 115776K [0x0000000700000000, 0x0000000800000000)
  region size 1024K, 75 young (76800K), 9 survivors (9216K)
 Metaspace       used 55022K, capacity 55717K, committed 56524K, reserved 1099776K
  class space    used 6208K, capacity 6504K, committed 6604K, reserved 1048576K
}
Event: 25.518 GC heap after
{Heap after GC invocations=11 (full 0):
 garbage-first heap   total 315392K, used 58794K [0x0000000700000000, 0x0000000800000000)
  region size 1024K, 10 young (10240K), 10 survivors (10240K)
 Metaspace       used 55022K, capacity 55717K, committed 56524K, reserved 1099776K
  class space    used 6208K, capacity 6504K, committed 6604K, reserved 1048576K
}
Event: 28.455 GC heap before
{Heap before GC invocations=11 (full 0):
 garbage-first heap   total 315392K, used 115114K [0x0000000700000000, 0x0000000800000000)
  region size 1024K, 65 young (66560K), 10 survivors (10240K)
 Metaspace       used 60477K, capacity 61210K, committed 62156K, reserved 1103872K
  class space    used 6751K, capacity 7066K, committed 7116K, reserved 1048576K
}

