# JRE version: OpenJDK Runtime Environment (11.0.13) (build 11.0.13+0-b1751.21-8125866)
# Java VM: OpenJDK 64-Bit Server VM (11.0.13+0-b1751.21-8125866, mixed mode, tiered, compressed oops, g1 gc, bsd-amd64)
Heap:
 garbage-first heap   total 315392K, used 171509K [0x0000000780000000, 0x0000000800000000)
  region size 1024K, 17 young (17408K), 3 survivors (3072K)
 Metaspace       used 97542K, capacity 100000K, committed 100156K, reserved 1136640K
  class space    used 12292K, capacity 13204K, committed 13260K, reserved 1048576K
GC Heap History (20 events):
Event: 5.448 GC heap after
{Heap after GC invocations=8 (full 0):
 garbage-first heap   total 262144K, used 22678K [0x0000000780000000, 0x0000000800000000)
  region size 1024K, 9 young (9216K), 9 survivors (9216K)
 Metaspace       used 34874K, capacity 35595K, committed 35708K, reserved 1081344K
  class space    used 4468K, capacity 4747K, committed 4812K, reserved 1048576K
}
Event: 7.559 GC heap before
{Heap before GC invocations=9 (full 0):
 garbage-first heap   total 262144K, used 123030K [0x0000000780000000, 0x0000000800000000)
  region size 1024K, 105 young (107520K), 9 survivors (9216K)
 Metaspace       used 42596K, capacity 43649K, committed 43900K, reserved 1087488K
  class space    used 5437K, capacity 5799K, committed 5836K, reserved 1048576K
}
Event: 7.584 GC heap after
{Heap after GC invocations=10 (full 0):
 garbage-first heap   total 262144K, used 29428K [0x0000000780000000, 0x0000000800000000)
  region size 1024K, 13 young (13312K), 13 survivors (13312K)
 Metaspace       used 42596K, capacity 43649K, committed 43900K, reserved 1087488K
  class space    used 5437K, capacity 5799K, committed 5836K, reserved 1048576K
}
Event: 11.113 GC heap before
{Heap before GC invocations=10 (full 0):
 garbage-first heap   total 262144K, used 162548K [0x0000000780000000, 0x0000000800000000)
  region size 1024K, 132 young (135168K), 13 survivors (13312K)
 Metaspace       used 48820K, capacity 50260K, committed 50428K, reserved 1093632K
  class space    used 6157K, capacity 6688K, committed 6732K, reserved 1048576K
}
Event: 11.150 GC heap after
{Heap after GC invocations=11 (full 0):
 garbage-first heap   total 262144K, used 53188K [0x0000000780000000, 0x0000000800000000)
  region size 1024K, 17 young (17408K), 17 survivors (17408K)
 Metaspace       used 48820K, capacity 50260K, committed 50428K, reserved 1093632K
  class space    used 6157K, capacity 6688K, committed 6732K, reserved 1048576K
}
Event: 14.341 GC heap before
{Heap before GC invocations=11 (full 0):
 garbage-first heap   total 262144K, used 131012K [0x0000000780000000, 0x0000000800000000)
  region size 1024K, 94 young (96256K), 17 survivors (17408K)
 Metaspace       used 58310K, capacity 59814K, committed 59900K, reserved 1101824K
  class space    used 7367K, capacity 7928K, committed 8012K, reserved 1048576K
}
Event: 14.383 GC heap after
{Heap after GC invocations=12 (full 0):
 garbage-first heap   total 315392K, used 57856K [0x0000000780000000, 0x0000000800000000)
  region size 1024K, 4 young (4096K), 4 survivors (4096K)
 Metaspace       used 58310K, capacity 59814K, committed 59900K, reserved 1101824K
  class space    used 7367K, capacity 7928K, committed 8012K, reserved 1048576K
}
Event: 19.455 GC heap before
{Heap before GC invocations=13 (full 0):
 garbage-first heap   total 315392K, used 198144K [0x0000000780000000, 0x0000000800000000)
  region size 1024K, 134 young (137216K), 4 survivors (4096K)
 Metaspace       used 68316K, capacity 69911K, committed 70076K, reserved 1110016K
  class space    used 8600K, capacity 9201K, committed 9292K, reserved 1048576K
}
Event: 19.503 GC heap after
{Heap after GC invocations=14 (full 0):
 garbage-first heap   total 315392K, used 66560K [0x0000000780000000, 0x0000000800000000)
  region size 1024K, 12 young (12288K), 12 survivors (12288K)
 Metaspace       used 68316K, capacity 69911K, committed 70076K, reserved 1110016K
  class space    used 8600K, capacity 9201K, committed 9292K, reserved 1048576K
}
Event: 26.392 GC heap before
{Heap before GC invocations=15 (full 0):
 garbage-first heap   total 315392K, used 204800K [0x0000000780000000, 0x0000000800000000)
  region size 1024K, 147 young (150528K), 12 survivors (12288K)
 Metaspace       used 79763K, capacity 81761K, committed 81852K, reserved 1120256K
  class space    used 10384K, capacity 11071K, committed 11084K, reserved 1048576K
}
Event: 26.435 GC heap after
{Heap after GC invocations=16 (full 0):
 garbage-first heap   total 315392K, used 75398K [0x0000000780000000, 0x0000000800000000)
  region size 1024K, 18 young (18432K), 18 survivors (18432K)
 Metaspace       used 79763K, capacity 81761K, committed 81852K, reserved 1120256K
  class space    used 10384K, capacity 11071K, committed 11084K, reserved 1048576K
}
Event: 33.470 GC heap before
{Heap before GC invocations=16 (full 0):
 garbage-first heap   total 315392K, used 214662K [0x0000000780000000, 0x0000000800000000)
  region size 1024K, 155 young (158720K), 18 survivors (18432K)
 Metaspace       used 89334K, capacity 91466K, committed 91580K, reserved 1128448K
  class space    used 11510K, capacity 12336K, committed 12364K, reserved 1048576K
}
Event: 33.535 GC heap after
{Heap after GC invocations=17 (full 0):
 garbage-first heap   total 315392K, used 85496K [0x0000000780000000, 0x0000000800000000)
  region size 1024K, 19 young (19456K), 19 survivors (19456K)
 Metaspace       used 89334K, capacity 91466K, committed 91580K, reserved 1128448K
  class space    used 11510K, capacity 12336K, committed 12364K, reserved 1048576K
}
Event: 36.374 GC heap before
{Heap before GC invocations=17 (full 0):
 garbage-first heap   total 315392K, used 227832K [0x0000000780000000, 0x0000000800000000)
  region size 1024K, 159 young (162816K), 19 survivors (19456K)
 Metaspace       used 91450K, capacity 93769K, committed 93884K, reserved 1130496K
  class space    used 11716K, capacity 12608K, committed 12620K, reserved 1048576K
}
Event: 36.426 GC heap after
{Heap after GC invocations=18 (full 0):
 garbage-first heap   total 315392K, used 97280K [0x0000000780000000, 0x0000000800000000)
  region size 1024K, 12 young (12288K), 12 survivors (12288K)
 Metaspace       used 91450K, capacity 93769K, committed 93884K, reserved 1130496K
  class space    used 11716K, capacity 12608K, committed 12620K, reserved 1048576K
}
Event: 40.029 GC heap before
{Heap before GC invocations=18 (full 0):
 garbage-first heap   total 315392K, used 234496K [0x0000000780000000, 0x0000000800000000)
  region size 1024K, 146 young (149504K), 12 survivors (12288K)
 Metaspace       used 93440K, capacity 95805K, committed 95932K, reserved 1132544K
  class space    used 11915K, capacity 12786K, committed 12876K, reserved 1048576K
}
Event: 40.114 GC heap after
{Heap after GC invocations=19 (full 0):
 garbage-first heap   total 315392K, used 124928K [0x0000000780000000, 0x0000000800000000)
  region size 1024K, 19 young (19456K), 19 survivors (19456K)
 Metaspace       used 93440K, capacity 95805K, committed 95932K, reserved 1132544K
  class space    used 11915K, capacity 12786K, committed 12876K, reserved 1048576K
}
Event: 43.057 GC heap before
{Heap before GC invocations=19 (full 0):
 garbage-first heap   total 315392K, used 240640K [0x0000000780000000, 0x0000000800000000)
  region size 1024K, 124 young (126976K), 19 survivors (19456K)
 Metaspace       used 97358K, capacity 99840K, committed 100156K, reserved 1136640K
  class space    used 12282K, capacity 13172K, committed 13260K, reserved 1048576K
}
Event: 43.148 GC heap after
{Heap after GC invocations=20 (full 0):
 garbage-first heap   total 315392K, used 156160K [0x0000000780000000, 0x0000000800000000)
  region size 1024K, 16 young (16384K), 16 survivors (16384K)
 Metaspace       used 97358K, capacity 99840K, committed 100156K, reserved 1136640K
  class space    used 12282K, capacity 13172K, committed 13260K, reserved 1048576K
}
Event: 43.724 GC heap before
{Heap before GC invocations=20 (full 0):
 garbage-first heap   total 315392K, used 169472K [0x0000000780000000, 0x0000000800000000)
  region size 1024K, 30 young (30720K), 16 survivors (16384K)
 Metaspace       used 97542K, capacity 100000K, committed 100156K, reserved 1136640K
  class space    used 12292K, capacity 13204K, committed 13260K, reserved 1048576K
}

