# JRE version: OpenJDK Runtime Environment (11.0.13) (build 11.0.13+0-b1751.21-8125866)
# Java VM: OpenJDK 64-Bit Server VM (11.0.13+0-b1751.21-8125866, mixed mode, tiered, compressed oops, g1 gc, bsd-amd64)
Heap:
 garbage-first heap   total 316416K, used 253333K [0x0000000780000000, 0x0000000800000000)
  region size 1024K, 64 young (65536K), 6 survivors (6144K)
 Metaspace       used 123181K, capacity 126358K, committed 126524K, reserved 1159168K
  class space    used 15599K, capacity 16825K, committed 16868K, reserved 1048576K
GC Heap History (20 events):
Event: 38.296 GC heap after
{Heap after GC invocations=28 (full 0):
 garbage-first heap   total 316416K, used 142098K [0x0000000780000000, 0x0000000800000000)
  region size 1024K, 1 young (1024K), 1 survivors (1024K)
 Metaspace       used 101089K, capacity 103464K, committed 103740K, reserved 1138688K
  class space    used 12884K, capacity 13781K, committed 13796K, reserved 1048576K
}
Event: 40.463 GC heap before
{Heap before GC invocations=28 (full 0):
 garbage-first heap   total 316416K, used 238354K [0x0000000780000000, 0x0000000800000000)
  region size 1024K, 95 young (97280K), 1 survivors (1024K)
 Metaspace       used 104470K, capacity 106878K, committed 107324K, reserved 1142784K
  class space    used 13289K, capacity 14194K, committed 14308K, reserved 1048576K
}
Event: 40.473 GC heap after
{Heap after GC invocations=29 (full 0):
 garbage-first heap   total 316416K, used 145170K [0x0000000780000000, 0x0000000800000000)
  region size 1024K, 4 young (4096K), 4 survivors (4096K)
 Metaspace       used 104470K, capacity 106878K, committed 107324K, reserved 1142784K
  class space    used 13289K, capacity 14194K, committed 14308K, reserved 1048576K
}
Event: 51.337 GC heap before
{Heap before GC invocations=29 (full 0):
 garbage-first heap   total 316416K, used 242450K [0x0000000780000000, 0x0000000800000000)
  region size 1024K, 100 young (102400K), 4 survivors (4096K)
 Metaspace       used 106349K, capacity 108978K, committed 109116K, reserved 1144832K
  class space    used 13556K, capacity 14532K, committed 14564K, reserved 1048576K
}
Event: 51.353 GC heap after
{Heap after GC invocations=30 (full 0):
 garbage-first heap   total 316416K, used 151983K [0x0000000780000000, 0x0000000800000000)
  region size 1024K, 11 young (11264K), 11 survivors (11264K)
 Metaspace       used 106349K, capacity 108978K, committed 109116K, reserved 1144832K
  class space    used 13556K, capacity 14532K, committed 14564K, reserved 1048576K
}
Event: 58.548 GC heap before
{Heap before GC invocations=30 (full 0):
 garbage-first heap   total 316416K, used 248239K [0x0000000780000000, 0x0000000800000000)
  region size 1024K, 106 young (108544K), 11 survivors (11264K)
 Metaspace       used 107365K, capacity 110061K, committed 110268K, reserved 1144832K
  class space    used 13666K, capacity 14651K, committed 14692K, reserved 1048576K
}
Event: 58.588 GC heap after
{Heap after GC invocations=31 (full 0):
 garbage-first heap   total 316416K, used 160877K [0x0000000780000000, 0x0000000800000000)
  region size 1024K, 14 young (14336K), 14 survivors (14336K)
 Metaspace       used 107365K, capacity 110061K, committed 110268K, reserved 1144832K
  class space    used 13666K, capacity 14651K, committed 14692K, reserved 1048576K
}
Event: 59.473 GC heap before
{Heap before GC invocations=31 (full 0):
 garbage-first heap   total 316416K, used 210029K [0x0000000780000000, 0x0000000800000000)
  region size 1024K, 64 young (65536K), 14 survivors (14336K)
 Metaspace       used 113663K, capacity 116488K, committed 116796K, reserved 1150976K
  class space    used 14451K, capacity 15492K, committed 15588K, reserved 1048576K
}
Event: 59.518 GC heap after
{Heap after GC invocations=32 (full 0):
 garbage-first heap   total 316416K, used 168960K [0x0000000780000000, 0x0000000800000000)
  region size 1024K, 8 young (8192K), 8 survivors (8192K)
 Metaspace       used 113663K, capacity 116488K, committed 116796K, reserved 1150976K
  class space    used 14451K, capacity 15492K, committed 15588K, reserved 1048576K
}
Event: 61.467 GC heap before
{Heap before GC invocations=33 (full 0):
 garbage-first heap   total 316416K, used 243712K [0x0000000780000000, 0x0000000800000000)
  region size 1024K, 80 young (81920K), 8 survivors (8192K)
 Metaspace       used 116060K, capacity 118954K, committed 118972K, reserved 1153024K
  class space    used 14647K, capacity 15708K, committed 15716K, reserved 1048576K
}
Event: 61.481 GC heap after
{Heap after GC invocations=34 (full 0):
 garbage-first heap   total 316416K, used 170496K [0x0000000780000000, 0x0000000800000000)
  region size 1024K, 5 young (5120K), 5 survivors (5120K)
 Metaspace       used 116060K, capacity 118954K, committed 118972K, reserved 1153024K
  class space    used 14647K, capacity 15708K, committed 15716K, reserved 1048576K
}
Event: 61.542 GC heap before
{Heap before GC invocations=34 (full 0):
 garbage-first heap   total 316416K, used 179712K [0x0000000780000000, 0x0000000800000000)
  region size 1024K, 15 young (15360K), 5 survivors (5120K)
 Metaspace       used 116067K, capacity 119020K, committed 119228K, reserved 1153024K
  class space    used 14647K, capacity 15708K, committed 15716K, reserved 1048576K
}
Event: 61.557 GC heap after
{Heap after GC invocations=35 (full 0):
 garbage-first heap   total 316416K, used 160730K [0x0000000780000000, 0x0000000800000000)
  region size 1024K, 2 young (2048K), 2 survivors (2048K)
 Metaspace       used 116067K, capacity 119020K, committed 119228K, reserved 1153024K
  class space    used 14647K, capacity 15708K, committed 15716K, reserved 1048576K
}
Event: 62.110 GC heap before
{Heap before GC invocations=35 (full 0):
 garbage-first heap   total 316416K, used 194522K [0x0000000780000000, 0x0000000800000000)
  region size 1024K, 37 young (37888K), 2 survivors (2048K)
 Metaspace       used 116192K, capacity 119094K, committed 119228K, reserved 1153024K
  class space    used 14656K, capacity 15710K, committed 15716K, reserved 1048576K
}
Event: 62.122 GC heap after
{Heap after GC invocations=36 (full 0):
 garbage-first heap   total 316416K, used 164623K [0x0000000780000000, 0x0000000800000000)
  region size 1024K, 6 young (6144K), 6 survivors (6144K)
 Metaspace       used 116192K, capacity 119094K, committed 119228K, reserved 1153024K
  class space    used 14656K, capacity 15710K, committed 15716K, reserved 1048576K
}
Event: 62.714 GC heap before
{Heap before GC invocations=36 (full 0):
 garbage-first heap   total 316416K, used 244495K [0x0000000780000000, 0x0000000800000000)
  region size 1024K, 81 young (82944K), 6 survivors (6144K)
 Metaspace       used 117772K, capacity 120779K, committed 121020K, reserved 1155072K
  class space    used 14841K, capacity 15921K, committed 15972K, reserved 1048576K
}
Event: 62.742 GC heap after
{Heap after GC invocations=37 (full 0):
 garbage-first heap   total 316416K, used 181887K [0x0000000780000000, 0x0000000800000000)
  region size 1024K, 11 young (11264K), 11 survivors (11264K)
 Metaspace       used 117772K, capacity 120779K, committed 121020K, reserved 1155072K
  class space    used 14841K, capacity 15921K, committed 15972K, reserved 1048576K
}
Event: 63.384 GC heap before
{Heap before GC invocations=37 (full 0):
 garbage-first heap   total 316416K, used 247423K [0x0000000780000000, 0x0000000800000000)
  region size 1024K, 75 young (76800K), 11 survivors (11264K)
 Metaspace       used 120773K, capacity 123912K, committed 124092K, reserved 1157120K
  class space    used 15268K, capacity 16441K, committed 16484K, reserved 1048576K
}
Event: 63.427 GC heap after
{Heap after GC invocations=38 (full 0):
 garbage-first heap   total 316416K, used 193941K [0x0000000780000000, 0x0000000800000000)
  region size 1024K, 10 young (10240K), 10 survivors (10240K)
 Metaspace       used 120773K, capacity 123912K, committed 124092K, reserved 1157120K
  class space    used 15268K, capacity 16441K, committed 16484K, reserved 1048576K
}
Event: 64.126 GC heap before
{Heap before GC invocations=39 (full 0):
 garbage-first heap   total 316416K, used 252309K [0x0000000780000000, 0x0000000800000000)
  region size 1024K, 68 young (69632K), 10 survivors (10240K)
 Metaspace       used 123181K, capacity 126358K, committed 126524K, reserved 1159168K
  class space    used 15599K, capacity 16825K, committed 16868K, reserved 1048576K
}

